[0.020s] Invoking command in '/home/alex/ros2_ws/build/db_tsdf': CMAKE_PREFIX_PATH=${CMAKE_PREFIX_PATH}:/home/alex/ros2_ws/install/sgbm_depth:/opt/ros/jazzy /usr/bin/cmake --build /home/alex/ros2_ws/build/db_tsdf -- -j8 -l8
[0.248s] [100%] Built target db_tsdf_node
[0.252s] Invoked command in '/home/alex/ros2_ws/build/db_tsdf' returned '0': CMAKE_PREFIX_PATH=${CMAKE_PREFIX_PATH}:/home/alex/ros2_ws/install/sgbm_depth:/opt/ros/jazzy /usr/bin/cmake --build /home/alex/ros2_ws/build/db_tsdf -- -j8 -l8
[0.261s] Invoking command in '/home/alex/ros2_ws/build/db_tsdf': CMAKE_PREFIX_PATH=${CMAKE_PREFIX_PATH}:/home/alex/ros2_ws/install/sgbm_depth:/opt/ros/jazzy /usr/bin/cmake --install /home/alex/ros2_ws/build/db_tsdf
[0.268s] -- Install configuration: ""
[0.269s] -- Up-to-date: /home/alex/ros2_ws/install/db_tsdf/share/db_tsdf/launch
[0.269s] -- Up-to-date: /home/alex/ros2_ws/install/db_tsdf/share/db_tsdf/launch/mapper_launch.py
[0.269s] -- Up-to-date: /home/alex/ros2_ws/install/db_tsdf/share/db_tsdf/config
[0.269s] -- Up-to-date: /home/alex/ros2_ws/install/db_tsdf/share/db_tsdf/config/rviz
[0.269s] -- Up-to-date: /home/alex/ros2_ws/install/db_tsdf/share/db_tsdf/config/rviz/college.rviz
[0.269s] -- Up-to-date: /home/alex/ros2_ws/install/db_tsdf/share/db_tsdf/config/rviz/mai.rviz
[0.269s] -- Up-to-date: /home/alex/ros2_ws/install/db_tsdf/share/db_tsdf/config/mai.yaml
[0.269s] -- Up-to-date: /home/alex/ros2_ws/install/db_tsdf/share/db_tsdf/config/college.yaml
[0.269s] -- Up-to-date: /home/alex/ros2_ws/install/db_tsdf/lib/db_tsdf/db_tsdf_node
[0.269s] -- Up-to-date: /home/alex/ros2_ws/install/db_tsdf/share/ament_index/resource_index/package_run_dependencies/db_tsdf
[0.270s] -- Up-to-date: /home/alex/ros2_ws/install/db_tsdf/share/ament_index/resource_index/parent_prefix_path/db_tsdf
[0.270s] -- Up-to-date: /home/alex/ros2_ws/install/db_tsdf/share/db_tsdf/environment/ament_prefix_path.sh
[0.270s] -- Up-to-date: /home/alex/ros2_ws/install/db_tsdf/share/db_tsdf/environment/ament_prefix_path.dsv
[0.270s] -- Up-to-date: /home/alex/ros2_ws/install/db_tsdf/share/db_tsdf/environment/path.sh
[0.270s] -- Up-to-date: /home/alex/ros2_ws/install/db_tsdf/share/db_tsdf/environment/path.dsv
[0.270s] -- Up-to-date: /home/alex/ros2_ws/install/db_tsdf/share/db_tsdf/local_setup.bash
[0.270s] -- Up-to-date: /home/alex/ros2_ws/install/db_tsdf/share/db_tsdf/local_setup.sh
[0.270s] -- Up-to-date: /home/alex/ros2_ws/install/db_tsdf/share/db_tsdf/local_setup.zsh
[0.270s] -- Up-to-date: /home/alex/ros2_ws/install/db_tsdf/share/db_tsdf/local_setup.dsv
[0.270s] -- Installing: /home/alex/ros2_ws/install/db_tsdf/share/db_tsdf/package.dsv
[0.270s] -- Up-to-date: /home/alex/ros2_ws/install/db_tsdf/share/ament_index/resource_index/packages/db_tsdf
[0.271s] -- Up-to-date: /home/alex/ros2_ws/install/db_tsdf/share/db_tsdf/cmake/db_tsdfConfig.cmake
[0.271s] -- Up-to-date: /home/alex/ros2_ws/install/db_tsdf/share/db_tsdf/cmake/db_tsdfConfig-version.cmake
[0.271s] -- Up-to-date: /home/alex/ros2_ws/install/db_tsdf/share/db_tsdf/package.xml
[0.272s] Invoked command in '/home/alex/ros2_ws/build/db_tsdf' returned '0': CMAKE_PREFIX_PATH=${CMAKE_PREFIX_PATH}:/home/alex/ros2_ws/install/sgbm_depth:/opt/ros/jazzy /usr/bin/cmake --install /home/alex/ros2_ws/build/db_tsdf
