[0.221s] Invoking command in '/home/alex/ros2_ws/build/tsdf_saver': CMAKE_PREFIX_PATH=${CMAKE_PREFIX_PATH}:/opt/ros/jazzy /usr/bin/cmake --build /home/alex/ros2_ws/build/tsdf_saver -- -j8 -l8
[0.284s] [100%] Built target exact_time_saver
[0.297s] Invoked command in '/home/alex/ros2_ws/build/tsdf_saver' returned '0': CMAKE_PREFIX_PATH=${CMAKE_PREFIX_PATH}:/opt/ros/jazzy /usr/bin/cmake --build /home/alex/ros2_ws/build/tsdf_saver -- -j8 -l8
[0.307s] Invoking command in '/home/alex/ros2_ws/build/tsdf_saver': CMAKE_PREFIX_PATH=${CMAKE_PREFIX_PATH}:/opt/ros/jazzy /usr/bin/cmake --install /home/alex/ros2_ws/build/tsdf_saver
[0.316s] -- Install configuration: "Release"
[0.316s] -- Execute custom install script
[0.317s] -- Up-to-date symlink: /home/alex/ros2_ws/install/tsdf_saver/lib/libexact_time_saver.so
[0.317s] -- Up-to-date symlink: /home/alex/ros2_ws/install/tsdf_saver/include//tsdf_saver/exact_time_saver.hpp
[0.317s] -- Up-to-date symlink: /home/alex/ros2_ws/install/tsdf_saver/share/tsdf_saver/launch/saver.launch.py
[0.318s] -- Up-to-date symlink: /home/alex/ros2_ws/install/tsdf_saver/share/ament_index/resource_index/package_run_dependencies/tsdf_saver
[0.318s] -- Up-to-date symlink: /home/alex/ros2_ws/install/tsdf_saver/share/ament_index/resource_index/parent_prefix_path/tsdf_saver
[0.318s] -- Up-to-date symlink: /home/alex/ros2_ws/install/tsdf_saver/share/tsdf_saver/environment/ament_prefix_path.sh
[0.318s] -- Up-to-date symlink: /home/alex/ros2_ws/install/tsdf_saver/share/tsdf_saver/environment/ament_prefix_path.dsv
[0.318s] -- Up-to-date symlink: /home/alex/ros2_ws/install/tsdf_saver/share/tsdf_saver/environment/path.sh
[0.318s] -- Up-to-date symlink: /home/alex/ros2_ws/install/tsdf_saver/share/tsdf_saver/environment/path.dsv
[0.319s] -- Up-to-date symlink: /home/alex/ros2_ws/install/tsdf_saver/share/tsdf_saver/local_setup.bash
[0.319s] -- Up-to-date symlink: /home/alex/ros2_ws/install/tsdf_saver/share/tsdf_saver/local_setup.sh
[0.319s] -- Up-to-date symlink: /home/alex/ros2_ws/install/tsdf_saver/share/tsdf_saver/local_setup.zsh
[0.319s] -- Up-to-date symlink: /home/alex/ros2_ws/install/tsdf_saver/share/tsdf_saver/local_setup.dsv
[0.319s] -- Symlinking: /home/alex/ros2_ws/install/tsdf_saver/share/tsdf_saver/package.dsv
[0.329s] -- Up-to-date symlink: /home/alex/ros2_ws/install/tsdf_saver/share/ament_index/resource_index/packages/tsdf_saver
[0.329s] -- Up-to-date symlink: /home/alex/ros2_ws/install/tsdf_saver/share/ament_index/resource_index/rclcpp_components/tsdf_saver
[0.329s] -- Up-to-date symlink: /home/alex/ros2_ws/install/tsdf_saver/share/tsdf_saver/cmake/tsdf_saverConfig.cmake
[0.329s] -- Up-to-date symlink: /home/alex/ros2_ws/install/tsdf_saver/share/tsdf_saver/cmake/tsdf_saverConfig-version.cmake
[0.329s] -- Up-to-date symlink: /home/alex/ros2_ws/install/tsdf_saver/share/tsdf_saver/package.xml
[0.331s] Invoked command in '/home/alex/ros2_ws/build/tsdf_saver' returned '0': CMAKE_PREFIX_PATH=${CMAKE_PREFIX_PATH}:/opt/ros/jazzy /usr/bin/cmake --install /home/alex/ros2_ws/build/tsdf_saver
