[0.105s] DEBUG:colcon:Command line arguments: ['/usr/bin/colcon', 'build']
[0.105s] DEBUG:colcon:Parsed command line arguments: Namespace(log_base=None, log_level=None, verb_name='build', build_base='build', install_base='install', merge_install=False, symlink_install=False, test_result_base=None, continue_on_error=False, executor='parallel', parallel_workers=8, event_handlers=None, ignore_user_meta=False, metas=['./colcon.meta'], base_paths=['.'], packages_ignore=None, packages_ignore_regex=None, paths=None, packages_up_to=None, packages_up_to_regex=None, packages_above=None, packages_above_and_dependencies=None, packages_above_depth=None, packages_select_by_dep=None, packages_skip_by_dep=None, packages_skip_up_to=None, packages_select_build_failed=False, packages_skip_build_finished=False, packages_select_test_failures=False, packages_skip_test_passed=False, packages_select=None, packages_skip=None, packages_select_regex=None, packages_skip_regex=None, packages_start=None, packages_end=None, allow_overriding=[], cmake_args=None, cmake_target=None, cmake_target_skip_unavailable=False, cmake_clean_cache=False, cmake_clean_first=False, cmake_force_configure=False, ament_cmake_args=None, catkin_cmake_args=None, catkin_skip_building_tests=False, mixin_files=None, mixin=None, verb_parser=<colcon_mixin.mixin.mixin_argument.MixinArgumentDecorator object at 0x73e5c2a92630>, verb_extension=<colcon_core.verb.build.BuildVerb object at 0x73e5c2a92270>, main=<bound method BuildVerb.main of <colcon_core.verb.build.BuildVerb object at 0x73e5c2a92270>>, mixin_verb=('build',))
[0.142s] Level 1:colcon.colcon_core.package_discovery:discover_packages(colcon_meta) check parameters
[0.142s] Level 1:colcon.colcon_core.package_discovery:discover_packages(recursive) check parameters
[0.142s] Level 1:colcon.colcon_core.package_discovery:discover_packages(ignore) check parameters
[0.142s] Level 1:colcon.colcon_core.package_discovery:discover_packages(path) check parameters
[0.142s] Level 1:colcon.colcon_core.package_discovery:discover_packages(colcon_meta) discover
[0.142s] Level 1:colcon.colcon_core.package_discovery:discover_packages(recursive) discover
[0.142s] INFO:colcon.colcon_core.package_discovery:Crawling recursively for packages in '/home/alex/ros2_ws'
[0.142s] Level 1:colcon.colcon_core.package_identification:_identify(.) by extensions ['ignore', 'ignore_ament_install']
[0.142s] Level 1:colcon.colcon_core.package_identification:_identify(.) by extension 'ignore'
[0.142s] Level 1:colcon.colcon_core.package_identification:_identify(.) by extension 'ignore_ament_install'
[0.142s] Level 1:colcon.colcon_core.package_identification:_identify(.) by extensions ['colcon_pkg']
[0.142s] Level 1:colcon.colcon_core.package_identification:_identify(.) by extension 'colcon_pkg'
[0.142s] Level 1:colcon.colcon_core.package_identification:_identify(.) by extensions ['colcon_meta']
[0.142s] Level 1:colcon.colcon_core.package_identification:_identify(.) by extension 'colcon_meta'
[0.142s] Level 1:colcon.colcon_core.package_identification:_identify(.) by extensions ['ros']
[0.142s] Level 1:colcon.colcon_core.package_identification:_identify(.) by extension 'ros'
[0.166s] Level 1:colcon.colcon_core.package_identification:_identify(.) by extensions ['cmake', 'python']
[0.166s] Level 1:colcon.colcon_core.package_identification:_identify(.) by extension 'cmake'
[0.166s] Level 1:colcon.colcon_core.package_identification:_identify(.) by extension 'python'
[0.166s] Level 1:colcon.colcon_core.package_identification:_identify(.) by extensions ['python_setup_py']
[0.166s] Level 1:colcon.colcon_core.package_identification:_identify(.) by extension 'python_setup_py'
[0.167s] Level 1:colcon.colcon_core.package_identification:_identify(build) by extensions ['ignore', 'ignore_ament_install']
[0.167s] Level 1:colcon.colcon_core.package_identification:_identify(build) by extension 'ignore'
[0.167s] Level 1:colcon.colcon_core.package_identification:_identify(build) ignored
[0.167s] Level 1:colcon.colcon_core.package_identification:_identify(install) by extensions ['ignore', 'ignore_ament_install']
[0.167s] Level 1:colcon.colcon_core.package_identification:_identify(install) by extension 'ignore'
[0.167s] Level 1:colcon.colcon_core.package_identification:_identify(install) ignored
[0.167s] Level 1:colcon.colcon_core.package_identification:_identify(log) by extensions ['ignore', 'ignore_ament_install']
[0.167s] Level 1:colcon.colcon_core.package_identification:_identify(log) by extension 'ignore'
[0.167s] Level 1:colcon.colcon_core.package_identification:_identify(log) ignored
[0.167s] Level 1:colcon.colcon_core.package_identification:_identify(src) by extensions ['ignore', 'ignore_ament_install']
[0.167s] Level 1:colcon.colcon_core.package_identification:_identify(src) by extension 'ignore'
[0.167s] Level 1:colcon.colcon_core.package_identification:_identify(src) by extension 'ignore_ament_install'
[0.167s] Level 1:colcon.colcon_core.package_identification:_identify(src) by extensions ['colcon_pkg']
[0.167s] Level 1:colcon.colcon_core.package_identification:_identify(src) by extension 'colcon_pkg'
[0.167s] Level 1:colcon.colcon_core.package_identification:_identify(src) by extensions ['colcon_meta']
[0.167s] Level 1:colcon.colcon_core.package_identification:_identify(src) by extension 'colcon_meta'
[0.167s] Level 1:colcon.colcon_core.package_identification:_identify(src) by extensions ['ros']
[0.167s] Level 1:colcon.colcon_core.package_identification:_identify(src) by extension 'ros'
[0.168s] Level 1:colcon.colcon_core.package_identification:_identify(src) by extensions ['cmake', 'python']
[0.168s] Level 1:colcon.colcon_core.package_identification:_identify(src) by extension 'cmake'
[0.168s] Level 1:colcon.colcon_core.package_identification:_identify(src) by extension 'python'
[0.168s] Level 1:colcon.colcon_core.package_identification:_identify(src) by extensions ['python_setup_py']
[0.168s] Level 1:colcon.colcon_core.package_identification:_identify(src) by extension 'python_setup_py'
[0.168s] Level 1:colcon.colcon_core.package_identification:_identify(src/DB-TSDF) by extensions ['ignore', 'ignore_ament_install']
[0.168s] Level 1:colcon.colcon_core.package_identification:_identify(src/DB-TSDF) by extension 'ignore'
[0.168s] Level 1:colcon.colcon_core.package_identification:_identify(src/DB-TSDF) by extension 'ignore_ament_install'
[0.168s] Level 1:colcon.colcon_core.package_identification:_identify(src/DB-TSDF) by extensions ['colcon_pkg']
[0.168s] Level 1:colcon.colcon_core.package_identification:_identify(src/DB-TSDF) by extension 'colcon_pkg'
[0.168s] Level 1:colcon.colcon_core.package_identification:_identify(src/DB-TSDF) by extensions ['colcon_meta']
[0.168s] Level 1:colcon.colcon_core.package_identification:_identify(src/DB-TSDF) by extension 'colcon_meta'
[0.168s] Level 1:colcon.colcon_core.package_identification:_identify(src/DB-TSDF) by extensions ['ros']
[0.168s] Level 1:colcon.colcon_core.package_identification:_identify(src/DB-TSDF) by extension 'ros'
[0.171s] DEBUG:colcon.colcon_core.package_identification:Package 'src/DB-TSDF' with type 'ros.ament_cmake' and name 'db_tsdf'
[0.171s] Level 1:colcon.colcon_core.package_identification:_identify(src/sgbm_depth) by extensions ['ignore', 'ignore_ament_install']
[0.171s] Level 1:colcon.colcon_core.package_identification:_identify(src/sgbm_depth) by extension 'ignore'
[0.171s] Level 1:colcon.colcon_core.package_identification:_identify(src/sgbm_depth) by extension 'ignore_ament_install'
[0.172s] Level 1:colcon.colcon_core.package_identification:_identify(src/sgbm_depth) by extensions ['colcon_pkg']
[0.172s] Level 1:colcon.colcon_core.package_identification:_identify(src/sgbm_depth) by extension 'colcon_pkg'
[0.172s] Level 1:colcon.colcon_core.package_identification:_identify(src/sgbm_depth) by extensions ['colcon_meta']
[0.172s] Level 1:colcon.colcon_core.package_identification:_identify(src/sgbm_depth) by extension 'colcon_meta'
[0.172s] Level 1:colcon.colcon_core.package_identification:_identify(src/sgbm_depth) by extensions ['ros']
[0.172s] Level 1:colcon.colcon_core.package_identification:_identify(src/sgbm_depth) by extension 'ros'
[0.172s] DEBUG:colcon.colcon_core.package_identification:Package 'src/sgbm_depth' with type 'ros.ament_python' and name 'sgbm_depth'
[0.172s] Level 1:colcon.colcon_core.package_identification:_identify(src/tsdf_saver) by extensions ['ignore', 'ignore_ament_install']
[0.172s] Level 1:colcon.colcon_core.package_identification:_identify(src/tsdf_saver) by extension 'ignore'
[0.172s] Level 1:colcon.colcon_core.package_identification:_identify(src/tsdf_saver) by extension 'ignore_ament_install'
[0.172s] Level 1:colcon.colcon_core.package_identification:_identify(src/tsdf_saver) by extensions ['colcon_pkg']
[0.172s] Level 1:colcon.colcon_core.package_identification:_identify(src/tsdf_saver) by extension 'colcon_pkg'
[0.172s] Level 1:colcon.colcon_core.package_identification:_identify(src/tsdf_saver) by extensions ['colcon_meta']
[0.172s] Level 1:colcon.colcon_core.package_identification:_identify(src/tsdf_saver) by extension 'colcon_meta'
[0.172s] Level 1:colcon.colcon_core.package_identification:_identify(src/tsdf_saver) by extensions ['ros']
[0.173s] Level 1:colcon.colcon_core.package_identification:_identify(src/tsdf_saver) by extension 'ros'
[0.173s] DEBUG:colcon.colcon_core.package_identification:Package 'src/tsdf_saver' with type 'ros.ament_cmake' and name 'tsdf_saver'
[0.173s] Level 1:colcon.colcon_core.package_discovery:discover_packages(recursive) using defaults
[0.173s] Level 1:colcon.colcon_core.package_discovery:discover_packages(ignore) discover
[0.173s] Level 1:colcon.colcon_core.package_discovery:discover_packages(ignore) using defaults
[0.173s] Level 1:colcon.colcon_core.package_discovery:discover_packages(path) discover
[0.173s] Level 1:colcon.colcon_core.package_discovery:discover_packages(path) using defaults
[0.190s] Level 1:colcon.colcon_core.package_discovery:discover_packages(prefix_path) check parameters
[0.190s] Level 1:colcon.colcon_core.package_discovery:discover_packages(prefix_path) discover
[0.191s] DEBUG:colcon.colcon_installed_package_information.package_discovery:Found 3 installed packages in /home/alex/ros2_ws/install
[0.193s] DEBUG:colcon.colcon_installed_package_information.package_discovery:Found 298 installed packages in /opt/ros/jazzy
[0.193s] Level 1:colcon.colcon_core.package_discovery:discover_packages(prefix_path) using defaults
[0.240s] Level 5:colcon.colcon_core.verb:set package 'db_tsdf' build argument 'cmake_args' from command line to 'None'
[0.240s] Level 5:colcon.colcon_core.verb:set package 'db_tsdf' build argument 'cmake_target' from command line to 'None'
[0.240s] Level 5:colcon.colcon_core.verb:set package 'db_tsdf' build argument 'cmake_target_skip_unavailable' from command line to 'False'
[0.240s] Level 5:colcon.colcon_core.verb:set package 'db_tsdf' build argument 'cmake_clean_cache' from command line to 'False'
[0.240s] Level 5:colcon.colcon_core.verb:set package 'db_tsdf' build argument 'cmake_clean_first' from command line to 'False'
[0.240s] Level 5:colcon.colcon_core.verb:set package 'db_tsdf' build argument 'cmake_force_configure' from command line to 'False'
[0.240s] Level 5:colcon.colcon_core.verb:set package 'db_tsdf' build argument 'ament_cmake_args' from command line to 'None'
[0.240s] Level 5:colcon.colcon_core.verb:set package 'db_tsdf' build argument 'catkin_cmake_args' from command line to 'None'
[0.240s] Level 5:colcon.colcon_core.verb:set package 'db_tsdf' build argument 'catkin_skip_building_tests' from command line to 'False'
[0.240s] DEBUG:colcon.colcon_core.verb:Building package 'db_tsdf' with the following arguments: {'ament_cmake_args': None, 'build_base': '/home/alex/ros2_ws/build/db_tsdf', 'catkin_cmake_args': None, 'catkin_skip_building_tests': False, 'cmake_args': None, 'cmake_clean_cache': False, 'cmake_clean_first': False, 'cmake_force_configure': False, 'cmake_target': None, 'cmake_target_skip_unavailable': False, 'install_base': '/home/alex/ros2_ws/install/db_tsdf', 'merge_install': False, 'path': '/home/alex/ros2_ws/src/DB-TSDF', 'symlink_install': False, 'test_result_base': None}
[0.240s] Level 5:colcon.colcon_core.verb:set package 'sgbm_depth' build argument 'cmake_args' from command line to 'None'
[0.241s] Level 5:colcon.colcon_core.verb:set package 'sgbm_depth' build argument 'cmake_target' from command line to 'None'
[0.241s] Level 5:colcon.colcon_core.verb:set package 'sgbm_depth' build argument 'cmake_target_skip_unavailable' from command line to 'False'
[0.241s] Level 5:colcon.colcon_core.verb:set package 'sgbm_depth' build argument 'cmake_clean_cache' from command line to 'False'
[0.241s] Level 5:colcon.colcon_core.verb:set package 'sgbm_depth' build argument 'cmake_clean_first' from command line to 'False'
[0.241s] Level 5:colcon.colcon_core.verb:set package 'sgbm_depth' build argument 'cmake_force_configure' from command line to 'False'
[0.241s] Level 5:colcon.colcon_core.verb:set package 'sgbm_depth' build argument 'ament_cmake_args' from command line to 'None'
[0.241s] Level 5:colcon.colcon_core.verb:set package 'sgbm_depth' build argument 'catkin_cmake_args' from command line to 'None'
[0.241s] Level 5:colcon.colcon_core.verb:set package 'sgbm_depth' build argument 'catkin_skip_building_tests' from command line to 'False'
[0.241s] DEBUG:colcon.colcon_core.verb:Building package 'sgbm_depth' with the following arguments: {'ament_cmake_args': None, 'build_base': '/home/alex/ros2_ws/build/sgbm_depth', 'catkin_cmake_args': None, 'catkin_skip_building_tests': False, 'cmake_args': None, 'cmake_clean_cache': False, 'cmake_clean_first': False, 'cmake_force_configure': False, 'cmake_target': None, 'cmake_target_skip_unavailable': False, 'install_base': '/home/alex/ros2_ws/install/sgbm_depth', 'merge_install': False, 'path': '/home/alex/ros2_ws/src/sgbm_depth', 'symlink_install': False, 'test_result_base': None}
[0.241s] Level 5:colcon.colcon_core.verb:set package 'tsdf_saver' build argument 'cmake_args' from command line to 'None'
[0.241s] Level 5:colcon.colcon_core.verb:set package 'tsdf_saver' build argument 'cmake_target' from command line to 'None'
[0.241s] Level 5:colcon.colcon_core.verb:set package 'tsdf_saver' build argument 'cmake_target_skip_unavailable' from command line to 'False'
[0.241s] Level 5:colcon.colcon_core.verb:set package 'tsdf_saver' build argument 'cmake_clean_cache' from command line to 'False'
[0.241s] Level 5:colcon.colcon_core.verb:set package 'tsdf_saver' build argument 'cmake_clean_first' from command line to 'False'
[0.241s] Level 5:colcon.colcon_core.verb:set package 'tsdf_saver' build argument 'cmake_force_configure' from command line to 'False'
[0.241s] Level 5:colcon.colcon_core.verb:set package 'tsdf_saver' build argument 'ament_cmake_args' from command line to 'None'
[0.241s] Level 5:colcon.colcon_core.verb:set package 'tsdf_saver' build argument 'catkin_cmake_args' from command line to 'None'
[0.241s] Level 5:colcon.colcon_core.verb:set package 'tsdf_saver' build argument 'catkin_skip_building_tests' from command line to 'False'
[0.241s] DEBUG:colcon.colcon_core.verb:Building package 'tsdf_saver' with the following arguments: {'ament_cmake_args': None, 'build_base': '/home/alex/ros2_ws/build/tsdf_saver', 'catkin_cmake_args': None, 'catkin_skip_building_tests': False, 'cmake_args': None, 'cmake_clean_cache': False, 'cmake_clean_first': False, 'cmake_force_configure': False, 'cmake_target': None, 'cmake_target_skip_unavailable': False, 'install_base': '/home/alex/ros2_ws/install/tsdf_saver', 'merge_install': False, 'path': '/home/alex/ros2_ws/src/tsdf_saver', 'symlink_install': False, 'test_result_base': None}
[0.241s] INFO:colcon.colcon_core.executor:Executing jobs using 'parallel' executor
[0.242s] DEBUG:colcon.colcon_parallel_executor.executor.parallel:run_until_complete
[0.242s] INFO:colcon.colcon_ros.task.ament_cmake.build:Building ROS package in '/home/alex/ros2_ws/src/DB-TSDF' with build type 'ament_cmake'
[0.243s] INFO:colcon.colcon_cmake.task.cmake.build:Building CMake package in '/home/alex/ros2_ws/src/DB-TSDF'
[0.245s] INFO:colcon.colcon_core.plugin_system:Skipping extension 'colcon_core.shell.bat': Not used on non-Windows systems
[0.245s] INFO:colcon.colcon_core.shell:Skip shell extension 'powershell' for command environment: Not usable outside of PowerShell
[0.245s] DEBUG:colcon.colcon_core.shell:Skip shell extension 'dsv' for command environment
[0.249s] INFO:colcon.colcon_ros.task.ament_python.build:Building ROS package in '/home/alex/ros2_ws/src/sgbm_depth' with build type 'ament_python'
[0.249s] Level 1:colcon.colcon_core.shell:create_environment_hook('sgbm_depth', 'ament_prefix_path')
[0.250s] INFO:colcon.colcon_core.shell:Creating environment hook '/home/alex/ros2_ws/install/sgbm_depth/share/sgbm_depth/hook/ament_prefix_path.ps1'
[0.251s] INFO:colcon.colcon_core.shell:Creating environment descriptor '/home/alex/ros2_ws/install/sgbm_depth/share/sgbm_depth/hook/ament_prefix_path.dsv'
[0.251s] INFO:colcon.colcon_core.shell:Creating environment hook '/home/alex/ros2_ws/install/sgbm_depth/share/sgbm_depth/hook/ament_prefix_path.sh'
[0.252s] INFO:colcon.colcon_core.shell:Skip shell extension 'powershell' for command environment: Not usable outside of PowerShell
[0.252s] DEBUG:colcon.colcon_core.shell:Skip shell extension 'dsv' for command environment
[0.254s] INFO:colcon.colcon_ros.task.ament_cmake.build:Building ROS package in '/home/alex/ros2_ws/src/tsdf_saver' with build type 'ament_cmake'
[0.255s] INFO:colcon.colcon_cmake.task.cmake.build:Building CMake package in '/home/alex/ros2_ws/src/tsdf_saver'
[0.255s] INFO:colcon.colcon_core.shell:Skip shell extension 'powershell' for command environment: Not usable outside of PowerShell
[0.255s] DEBUG:colcon.colcon_core.shell:Skip shell extension 'dsv' for command environment
[0.262s] DEBUG:colcon.colcon_core.event_handler.log_command:Invoking command in '/home/alex/ros2_ws/build/db_tsdf': CMAKE_PREFIX_PATH=${CMAKE_PREFIX_PATH}:/opt/ros/jazzy /usr/bin/cmake --build /home/alex/ros2_ws/build/db_tsdf -- -j8 -l8
[0.479s] INFO:colcon.colcon_core.task.python.build:Building Python package in '/home/alex/ros2_ws/src/sgbm_depth'
[0.479s] INFO:colcon.colcon_core.shell:Skip shell extension 'powershell' for command environment: Not usable outside of PowerShell
[0.479s] DEBUG:colcon.colcon_core.shell:Skip shell extension 'dsv' for command environment
[0.496s] DEBUG:colcon.colcon_core.event_handler.log_command:Invoking command in '/home/alex/ros2_ws/build/tsdf_saver': CMAKE_PREFIX_PATH=${CMAKE_PREFIX_PATH}:/opt/ros/jazzy /usr/bin/cmake --build /home/alex/ros2_ws/build/tsdf_saver -- -j8 -l8
[0.496s] DEBUG:colcon.colcon_core.event_handler.log_command:Invoked command in '/home/alex/ros2_ws/build/db_tsdf' returned '0': CMAKE_PREFIX_PATH=${CMAKE_PREFIX_PATH}:/opt/ros/jazzy /usr/bin/cmake --build /home/alex/ros2_ws/build/db_tsdf -- -j8 -l8
[0.512s] DEBUG:colcon.colcon_core.event_handler.log_command:Invoking command in '/home/alex/ros2_ws/build/db_tsdf': CMAKE_PREFIX_PATH=${CMAKE_PREFIX_PATH}:/opt/ros/jazzy /usr/bin/cmake --install /home/alex/ros2_ws/build/db_tsdf
[0.526s] Level 1:colcon.colcon_core.environment:create_environment_scripts_only(db_tsdf)
[0.527s] DEBUG:colcon.colcon_core.event_handler.log_command:Invoked command in '/home/alex/ros2_ws/build/db_tsdf' returned '0': CMAKE_PREFIX_PATH=${CMAKE_PREFIX_PATH}:/opt/ros/jazzy /usr/bin/cmake --install /home/alex/ros2_ws/build/db_tsdf
[0.530s] Level 1:colcon.colcon_core.environment:checking '/home/alex/ros2_ws/install/db_tsdf' for CMake module files
[0.532s] Level 1:colcon.colcon_core.environment:checking '/home/alex/ros2_ws/install/db_tsdf' for CMake config files
[0.532s] Level 1:colcon.colcon_core.shell:create_environment_hook('db_tsdf', 'cmake_prefix_path')
[0.533s] INFO:colcon.colcon_core.shell:Creating environment hook '/home/alex/ros2_ws/install/db_tsdf/share/db_tsdf/hook/cmake_prefix_path.ps1'
[0.533s] INFO:colcon.colcon_core.shell:Creating environment descriptor '/home/alex/ros2_ws/install/db_tsdf/share/db_tsdf/hook/cmake_prefix_path.dsv'
[0.534s] INFO:colcon.colcon_core.shell:Creating environment hook '/home/alex/ros2_ws/install/db_tsdf/share/db_tsdf/hook/cmake_prefix_path.sh'
[0.535s] Level 1:colcon.colcon_core.environment:checking '/home/alex/ros2_ws/install/db_tsdf/lib'
[0.535s] Level 1:colcon.colcon_core.environment:checking '/home/alex/ros2_ws/install/db_tsdf/bin'
[0.536s] Level 1:colcon.colcon_core.environment:checking '/home/alex/ros2_ws/install/db_tsdf/lib/pkgconfig/db_tsdf.pc'
[0.536s] Level 1:colcon.colcon_core.environment:checking '/home/alex/ros2_ws/install/db_tsdf/lib/python3.12/site-packages'
[0.537s] Level 1:colcon.colcon_core.environment:checking '/home/alex/ros2_ws/install/db_tsdf/bin'
[0.537s] INFO:colcon.colcon_core.shell:Creating package script '/home/alex/ros2_ws/install/db_tsdf/share/db_tsdf/package.ps1'
[0.538s] INFO:colcon.colcon_core.shell:Creating package descriptor '/home/alex/ros2_ws/install/db_tsdf/share/db_tsdf/package.dsv'
[0.539s] INFO:colcon.colcon_core.shell:Creating package script '/home/alex/ros2_ws/install/db_tsdf/share/db_tsdf/package.sh'
[0.540s] INFO:colcon.colcon_core.shell:Creating package script '/home/alex/ros2_ws/install/db_tsdf/share/db_tsdf/package.bash'
[0.541s] INFO:colcon.colcon_core.shell:Creating package script '/home/alex/ros2_ws/install/db_tsdf/share/db_tsdf/package.zsh'
[0.542s] Level 1:colcon.colcon_core.environment:create_file_with_runtime_dependencies(/home/alex/ros2_ws/install/db_tsdf/share/colcon-core/packages/db_tsdf)
[0.543s] Level 1:colcon.colcon_core.environment:create_environment_scripts_only(db_tsdf)
[0.543s] Level 1:colcon.colcon_core.environment:checking '/home/alex/ros2_ws/install/db_tsdf' for CMake module files
[0.544s] Level 1:colcon.colcon_core.environment:checking '/home/alex/ros2_ws/install/db_tsdf' for CMake config files
[0.545s] Level 1:colcon.colcon_core.shell:create_environment_hook('db_tsdf', 'cmake_prefix_path')
[0.545s] INFO:colcon.colcon_core.shell:Creating environment hook '/home/alex/ros2_ws/install/db_tsdf/share/db_tsdf/hook/cmake_prefix_path.ps1'
[0.546s] INFO:colcon.colcon_core.shell:Creating environment descriptor '/home/alex/ros2_ws/install/db_tsdf/share/db_tsdf/hook/cmake_prefix_path.dsv'
[0.547s] INFO:colcon.colcon_core.shell:Creating environment hook '/home/alex/ros2_ws/install/db_tsdf/share/db_tsdf/hook/cmake_prefix_path.sh'
[0.548s] Level 1:colcon.colcon_core.environment:checking '/home/alex/ros2_ws/install/db_tsdf/lib'
[0.548s] Level 1:colcon.colcon_core.environment:checking '/home/alex/ros2_ws/install/db_tsdf/bin'
[0.548s] Level 1:colcon.colcon_core.environment:checking '/home/alex/ros2_ws/install/db_tsdf/lib/pkgconfig/db_tsdf.pc'
[0.548s] Level 1:colcon.colcon_core.environment:checking '/home/alex/ros2_ws/install/db_tsdf/lib/python3.12/site-packages'
[0.549s] Level 1:colcon.colcon_core.environment:checking '/home/alex/ros2_ws/install/db_tsdf/bin'
[0.550s] INFO:colcon.colcon_core.shell:Creating package script '/home/alex/ros2_ws/install/db_tsdf/share/db_tsdf/package.ps1'
[0.551s] INFO:colcon.colcon_core.shell:Creating package descriptor '/home/alex/ros2_ws/install/db_tsdf/share/db_tsdf/package.dsv'
[0.552s] INFO:colcon.colcon_core.shell:Creating package script '/home/alex/ros2_ws/install/db_tsdf/share/db_tsdf/package.sh'
[0.552s] INFO:colcon.colcon_core.shell:Creating package script '/home/alex/ros2_ws/install/db_tsdf/share/db_tsdf/package.bash'
[0.553s] INFO:colcon.colcon_core.shell:Creating package script '/home/alex/ros2_ws/install/db_tsdf/share/db_tsdf/package.zsh'
[0.554s] Level 1:colcon.colcon_core.environment:create_file_with_runtime_dependencies(/home/alex/ros2_ws/install/db_tsdf/share/colcon-core/packages/db_tsdf)
[0.578s] DEBUG:colcon.colcon_core.event_handler.log_command:Invoked command in '/home/alex/ros2_ws/build/tsdf_saver' returned '0': CMAKE_PREFIX_PATH=${CMAKE_PREFIX_PATH}:/opt/ros/jazzy /usr/bin/cmake --build /home/alex/ros2_ws/build/tsdf_saver -- -j8 -l8
[0.579s] DEBUG:colcon.colcon_core.event_handler.log_command:Invoking command in '/home/alex/ros2_ws/build/tsdf_saver': CMAKE_PREFIX_PATH=${CMAKE_PREFIX_PATH}:/opt/ros/jazzy /usr/bin/cmake --install /home/alex/ros2_ws/build/tsdf_saver
[0.602s] Level 1:colcon.colcon_core.environment:create_environment_scripts_only(tsdf_saver)
[0.603s] Level 1:colcon.colcon_core.environment:checking '/home/alex/ros2_ws/install/tsdf_saver' for CMake module files
[0.603s] DEBUG:colcon.colcon_core.event_handler.log_command:Invoked command in '/home/alex/ros2_ws/build/tsdf_saver' returned '0': CMAKE_PREFIX_PATH=${CMAKE_PREFIX_PATH}:/opt/ros/jazzy /usr/bin/cmake --install /home/alex/ros2_ws/build/tsdf_saver
[0.604s] Level 1:colcon.colcon_core.environment:checking '/home/alex/ros2_ws/install/tsdf_saver' for CMake config files
[0.604s] Level 1:colcon.colcon_core.shell:create_environment_hook('tsdf_saver', 'cmake_prefix_path')
[0.605s] INFO:colcon.colcon_core.shell:Creating environment hook '/home/alex/ros2_ws/install/tsdf_saver/share/tsdf_saver/hook/cmake_prefix_path.ps1'
[0.605s] INFO:colcon.colcon_core.shell:Creating environment descriptor '/home/alex/ros2_ws/install/tsdf_saver/share/tsdf_saver/hook/cmake_prefix_path.dsv'
[0.606s] INFO:colcon.colcon_core.shell:Creating environment hook '/home/alex/ros2_ws/install/tsdf_saver/share/tsdf_saver/hook/cmake_prefix_path.sh'
[0.607s] Level 1:colcon.colcon_core.environment:checking '/home/alex/ros2_ws/install/tsdf_saver/lib'
[0.607s] Level 1:colcon.colcon_core.shell:create_environment_hook('tsdf_saver', 'ld_library_path_lib')
[0.607s] INFO:colcon.colcon_core.shell:Creating environment hook '/home/alex/ros2_ws/install/tsdf_saver/share/tsdf_saver/hook/ld_library_path_lib.ps1'
[0.607s] INFO:colcon.colcon_core.shell:Creating environment descriptor '/home/alex/ros2_ws/install/tsdf_saver/share/tsdf_saver/hook/ld_library_path_lib.dsv'
[0.608s] INFO:colcon.colcon_core.shell:Creating environment hook '/home/alex/ros2_ws/install/tsdf_saver/share/tsdf_saver/hook/ld_library_path_lib.sh'
[0.608s] Level 1:colcon.colcon_core.environment:checking '/home/alex/ros2_ws/install/tsdf_saver/bin'
[0.608s] Level 1:colcon.colcon_core.environment:checking '/home/alex/ros2_ws/install/tsdf_saver/lib/pkgconfig/tsdf_saver.pc'
[0.609s] Level 1:colcon.colcon_core.environment:checking '/home/alex/ros2_ws/install/tsdf_saver/lib/python3.12/site-packages'
[0.610s] Level 1:colcon.colcon_core.environment:checking '/home/alex/ros2_ws/install/tsdf_saver/bin'
[0.610s] INFO:colcon.colcon_core.shell:Creating package script '/home/alex/ros2_ws/install/tsdf_saver/share/tsdf_saver/package.ps1'
[0.611s] INFO:colcon.colcon_core.shell:Creating package descriptor '/home/alex/ros2_ws/install/tsdf_saver/share/tsdf_saver/package.dsv'
[0.611s] INFO:colcon.colcon_core.shell:Creating package script '/home/alex/ros2_ws/install/tsdf_saver/share/tsdf_saver/package.sh'
[0.612s] INFO:colcon.colcon_core.shell:Creating package script '/home/alex/ros2_ws/install/tsdf_saver/share/tsdf_saver/package.bash'
[0.612s] INFO:colcon.colcon_core.shell:Creating package script '/home/alex/ros2_ws/install/tsdf_saver/share/tsdf_saver/package.zsh'
[0.613s] Level 1:colcon.colcon_core.environment:create_file_with_runtime_dependencies(/home/alex/ros2_ws/install/tsdf_saver/share/colcon-core/packages/tsdf_saver)
[0.613s] Level 1:colcon.colcon_core.environment:create_environment_scripts_only(tsdf_saver)
[0.614s] Level 1:colcon.colcon_core.environment:checking '/home/alex/ros2_ws/install/tsdf_saver' for CMake module files
[0.614s] Level 1:colcon.colcon_core.environment:checking '/home/alex/ros2_ws/install/tsdf_saver' for CMake config files
[0.615s] Level 1:colcon.colcon_core.shell:create_environment_hook('tsdf_saver', 'cmake_prefix_path')
[0.615s] INFO:colcon.colcon_core.shell:Creating environment hook '/home/alex/ros2_ws/install/tsdf_saver/share/tsdf_saver/hook/cmake_prefix_path.ps1'
[0.616s] INFO:colcon.colcon_core.shell:Creating environment descriptor '/home/alex/ros2_ws/install/tsdf_saver/share/tsdf_saver/hook/cmake_prefix_path.dsv'
[0.616s] INFO:colcon.colcon_core.shell:Creating environment hook '/home/alex/ros2_ws/install/tsdf_saver/share/tsdf_saver/hook/cmake_prefix_path.sh'
[0.617s] Level 1:colcon.colcon_core.environment:checking '/home/alex/ros2_ws/install/tsdf_saver/lib'
[0.617s] Level 1:colcon.colcon_core.shell:create_environment_hook('tsdf_saver', 'ld_library_path_lib')
[0.617s] INFO:colcon.colcon_core.shell:Creating environment hook '/home/alex/ros2_ws/install/tsdf_saver/share/tsdf_saver/hook/ld_library_path_lib.ps1'
[0.618s] INFO:colcon.colcon_core.shell:Creating environment descriptor '/home/alex/ros2_ws/install/tsdf_saver/share/tsdf_saver/hook/ld_library_path_lib.dsv'
[0.618s] INFO:colcon.colcon_core.shell:Creating environment hook '/home/alex/ros2_ws/install/tsdf_saver/share/tsdf_saver/hook/ld_library_path_lib.sh'
[0.619s] Level 1:colcon.colcon_core.environment:checking '/home/alex/ros2_ws/install/tsdf_saver/bin'
[0.619s] Level 1:colcon.colcon_core.environment:checking '/home/alex/ros2_ws/install/tsdf_saver/lib/pkgconfig/tsdf_saver.pc'
[0.619s] Level 1:colcon.colcon_core.environment:checking '/home/alex/ros2_ws/install/tsdf_saver/lib/python3.12/site-packages'
[0.620s] Level 1:colcon.colcon_core.environment:checking '/home/alex/ros2_ws/install/tsdf_saver/bin'
[0.620s] INFO:colcon.colcon_core.shell:Creating package script '/home/alex/ros2_ws/install/tsdf_saver/share/tsdf_saver/package.ps1'
[0.621s] INFO:colcon.colcon_core.shell:Creating package descriptor '/home/alex/ros2_ws/install/tsdf_saver/share/tsdf_saver/package.dsv'
[0.622s] INFO:colcon.colcon_core.shell:Creating package script '/home/alex/ros2_ws/install/tsdf_saver/share/tsdf_saver/package.sh'
[0.622s] INFO:colcon.colcon_core.shell:Creating package script '/home/alex/ros2_ws/install/tsdf_saver/share/tsdf_saver/package.bash'
[0.623s] INFO:colcon.colcon_core.shell:Creating package script '/home/alex/ros2_ws/install/tsdf_saver/share/tsdf_saver/package.zsh'
[0.623s] Level 1:colcon.colcon_core.environment:create_file_with_runtime_dependencies(/home/alex/ros2_ws/install/tsdf_saver/share/colcon-core/packages/tsdf_saver)
[1.107s] DEBUG:colcon.colcon_core.event_handler.log_command:Invoking command in '/home/alex/ros2_ws/src/sgbm_depth': PYTHONPATH=/home/alex/ros2_ws/build/sgbm_depth/prefix_override:/usr/lib/python3/dist-packages/colcon_core/task/python/colcon_distutils_commands:/home/alex/ros2_ws/install/sgbm_depth/lib/python3.12/site-packages:${PYTHONPATH} /usr/bin/python3 -W ignore:setup.py install is deprecated -W ignore:easy_install command is deprecated setup.py egg_info --egg-base ../../build/sgbm_depth build --build-base /home/alex/ros2_ws/build/sgbm_depth/build install --record /home/alex/ros2_ws/build/sgbm_depth/install.log --single-version-externally-managed install_data
[1.644s] Level 1:colcon.colcon_core.environment:checking '/home/alex/ros2_ws/install/sgbm_depth' for CMake module files
[1.644s] DEBUG:colcon.colcon_core.event_handler.log_command:Invoked command in '/home/alex/ros2_ws/src/sgbm_depth' returned '0': PYTHONPATH=/home/alex/ros2_ws/build/sgbm_depth/prefix_override:/usr/lib/python3/dist-packages/colcon_core/task/python/colcon_distutils_commands:/home/alex/ros2_ws/install/sgbm_depth/lib/python3.12/site-packages:${PYTHONPATH} /usr/bin/python3 -W ignore:setup.py install is deprecated -W ignore:easy_install command is deprecated setup.py egg_info --egg-base ../../build/sgbm_depth build --build-base /home/alex/ros2_ws/build/sgbm_depth/build install --record /home/alex/ros2_ws/build/sgbm_depth/install.log --single-version-externally-managed install_data
[1.645s] Level 1:colcon.colcon_core.environment:checking '/home/alex/ros2_ws/install/sgbm_depth' for CMake config files
[1.645s] Level 1:colcon.colcon_core.environment:checking '/home/alex/ros2_ws/install/sgbm_depth/lib'
[1.646s] Level 1:colcon.colcon_core.environment:checking '/home/alex/ros2_ws/install/sgbm_depth/bin'
[1.646s] Level 1:colcon.colcon_core.environment:checking '/home/alex/ros2_ws/install/sgbm_depth/lib/pkgconfig/sgbm_depth.pc'
[1.646s] Level 1:colcon.colcon_core.environment:checking '/home/alex/ros2_ws/install/sgbm_depth/lib/python3.12/site-packages'
[1.646s] Level 1:colcon.colcon_core.shell:create_environment_hook('sgbm_depth', 'pythonpath')
[1.646s] INFO:colcon.colcon_core.shell:Creating environment hook '/home/alex/ros2_ws/install/sgbm_depth/share/sgbm_depth/hook/pythonpath.ps1'
[1.647s] INFO:colcon.colcon_core.shell:Creating environment descriptor '/home/alex/ros2_ws/install/sgbm_depth/share/sgbm_depth/hook/pythonpath.dsv'
[1.648s] INFO:colcon.colcon_core.shell:Creating environment hook '/home/alex/ros2_ws/install/sgbm_depth/share/sgbm_depth/hook/pythonpath.sh'
[1.649s] Level 1:colcon.colcon_core.environment:checking '/home/alex/ros2_ws/install/sgbm_depth/bin'
[1.649s] Level 1:colcon.colcon_core.environment:create_environment_scripts_only(sgbm_depth)
[1.649s] INFO:colcon.colcon_core.shell:Creating package script '/home/alex/ros2_ws/install/sgbm_depth/share/sgbm_depth/package.ps1'
[1.650s] INFO:colcon.colcon_core.shell:Creating package descriptor '/home/alex/ros2_ws/install/sgbm_depth/share/sgbm_depth/package.dsv'
[1.650s] INFO:colcon.colcon_core.shell:Creating package script '/home/alex/ros2_ws/install/sgbm_depth/share/sgbm_depth/package.sh'
[1.651s] INFO:colcon.colcon_core.shell:Creating package script '/home/alex/ros2_ws/install/sgbm_depth/share/sgbm_depth/package.bash'
[1.651s] INFO:colcon.colcon_core.shell:Creating package script '/home/alex/ros2_ws/install/sgbm_depth/share/sgbm_depth/package.zsh'
[1.652s] Level 1:colcon.colcon_core.environment:create_file_with_runtime_dependencies(/home/alex/ros2_ws/install/sgbm_depth/share/colcon-core/packages/sgbm_depth)
[1.652s] DEBUG:colcon.colcon_parallel_executor.executor.parallel:closing loop
[1.652s] DEBUG:colcon.colcon_parallel_executor.executor.parallel:loop closed
[1.653s] DEBUG:colcon.colcon_parallel_executor.executor.parallel:run_until_complete finished with '0'
[1.653s] DEBUG:colcon.colcon_core.event_reactor:joining thread
[1.659s] INFO:colcon.colcon_core.plugin_system:Skipping extension 'colcon_notification.desktop_notification.notify_send': Could not find 'notify-send'
[1.659s] INFO:colcon.colcon_core.plugin_system:Skipping extension 'colcon_notification.desktop_notification.terminal_notifier': Not used on non-Darwin systems
[1.659s] INFO:colcon.colcon_core.plugin_system:Skipping extension 'colcon_notification.desktop_notification.win32': Not used on non-Windows systems
[1.659s] INFO:colcon.colcon_notification.desktop_notification:Sending desktop notification using 'notify2'
[1.662s] DEBUG:colcon.colcon_notification.desktop_notification.notify2:Failed to initialize notify2: org.freedesktop.DBus.Error.Spawn.ExecFailed: /usr/bin/dbus-launch terminated abnormally without any error message
[1.662s] DEBUG:colcon.colcon_core.event_reactor:joined thread
[1.663s] INFO:colcon.colcon_core.shell:Creating prefix script '/home/alex/ros2_ws/install/local_setup.ps1'
[1.664s] INFO:colcon.colcon_core.shell:Creating prefix util module '/home/alex/ros2_ws/install/_local_setup_util_ps1.py'
[1.665s] INFO:colcon.colcon_core.shell:Creating prefix chain script '/home/alex/ros2_ws/install/setup.ps1'
[1.667s] INFO:colcon.colcon_core.shell:Creating prefix script '/home/alex/ros2_ws/install/local_setup.sh'
[1.668s] INFO:colcon.colcon_core.shell:Creating prefix util module '/home/alex/ros2_ws/install/_local_setup_util_sh.py'
[1.669s] INFO:colcon.colcon_core.shell:Creating prefix chain script '/home/alex/ros2_ws/install/setup.sh'
[1.671s] INFO:colcon.colcon_core.shell:Creating prefix script '/home/alex/ros2_ws/install/local_setup.bash'
[1.672s] INFO:colcon.colcon_core.shell:Creating prefix chain script '/home/alex/ros2_ws/install/setup.bash'
[1.673s] INFO:colcon.colcon_core.shell:Creating prefix script '/home/alex/ros2_ws/install/local_setup.zsh'
[1.674s] INFO:colcon.colcon_core.shell:Creating prefix chain script '/home/alex/ros2_ws/install/setup.zsh'
