-- The C compiler identification is GNU 13.3.0
-- The CXX compiler identification is GNU 13.3.0
-- Detecting C compiler ABI info
-- Detecting C compiler ABI info - done
-- Check for working C compiler: /usr/bin/cc - skipped
-- Detecting C compile features
-- Detecting C compile features - done
-- Detecting CXX compiler ABI info
-- Detecting CXX compiler ABI info - done
-- Check for working CXX compiler: /usr/bin/c++ - skipped
-- Detecting CXX compile features
-- Detecting CXX compile features - done
-- Found ament_cmake: 2.5.4 (/opt/ros/jazzy/share/ament_cmake/cmake)
-- Found Python3: /usr/bin/python3 (found version "3.12.3") found components: Interpreter 
-- Override CMake install command with custom implementation using symlinks instead of copying resources
-- Found rclcpp: 28.1.13 (/opt/ros/jazzy/share/rclcpp/cmake)
-- Found rosidl_generator_c: 4.6.6 (/opt/ros/jazzy/share/rosidl_generator_c/cmake)
-- Found rosidl_generator_cpp: 4.6.6 (/opt/ros/jazzy/share/rosidl_generator_cpp/cmake)
-- Using all available rosidl_typesupport_c: rosidl_typesupport_fastrtps_c;rosidl_typesupport_introspection_c
-- Using all available rosidl_typesupport_cpp: rosidl_typesupport_fastrtps_cpp;rosidl_typesupport_introspection_cpp
-- Found rmw_implementation_cmake: 7.3.2 (/opt/ros/jazzy/share/rmw_implementation_cmake/cmake)
-- Found rmw_cyclonedds_cpp: 2.2.3 (/opt/ros/jazzy/share/rmw_cyclonedds_cpp/cmake)
-- Using RMW implementation 'rmw_cyclonedds_cpp' as default
-- Found rclcpp_components: 28.1.13 (/opt/ros/jazzy/share/rclcpp_components/cmake)
-- Found std_srvs: 5.3.6 (/opt/ros/jazzy/share/std_srvs/cmake)
-- Found sensor_msgs: 5.3.6 (/opt/ros/jazzy/share/sensor_msgs/cmake)
-- Configuring done (1.3s)
-- Generating done (0.0s)
-- Build files have been written to: /home/alex/ros2_ws/build/tsdf_saver
[ 50%] [32mBuilding CXX object CMakeFiles/exact_time_saver.dir/src/exact_time_saver.cpp.o[0m
[100%] [32m[1mLinking CXX shared library libexact_time_saver.so[0m
[100%] Built target exact_time_saver
-- Install configuration: "Release"
-- Execute custom install script
-- Symlinking: /home/alex/ros2_ws/install/tsdf_saver/lib/libexact_time_saver.so
-- Symlinking: /home/alex/ros2_ws/install/tsdf_saver/include//tsdf_saver/exact_time_saver.hpp
-- Symlinking: /home/alex/ros2_ws/install/tsdf_saver/share/tsdf_saver/launch/saver.launch.py
-- Symlinking: /home/alex/ros2_ws/install/tsdf_saver/share/ament_index/resource_index/package_run_dependencies/tsdf_saver
-- Symlinking: /home/alex/ros2_ws/install/tsdf_saver/share/ament_index/resource_index/parent_prefix_path/tsdf_saver
-- Symlinking: /home/alex/ros2_ws/install/tsdf_saver/share/tsdf_saver/environment/ament_prefix_path.sh
-- Symlinking: /home/alex/ros2_ws/install/tsdf_saver/share/tsdf_saver/environment/ament_prefix_path.dsv
-- Symlinking: /home/alex/ros2_ws/install/tsdf_saver/share/tsdf_saver/environment/path.sh
-- Symlinking: /home/alex/ros2_ws/install/tsdf_saver/share/tsdf_saver/environment/path.dsv
-- Symlinking: /home/alex/ros2_ws/install/tsdf_saver/share/tsdf_saver/local_setup.bash
-- Symlinking: /home/alex/ros2_ws/install/tsdf_saver/share/tsdf_saver/local_setup.sh
-- Symlinking: /home/alex/ros2_ws/install/tsdf_saver/share/tsdf_saver/local_setup.zsh
-- Symlinking: /home/alex/ros2_ws/install/tsdf_saver/share/tsdf_saver/local_setup.dsv
-- Symlinking: /home/alex/ros2_ws/install/tsdf_saver/share/tsdf_saver/package.dsv
-- Symlinking: /home/alex/ros2_ws/install/tsdf_saver/share/ament_index/resource_index/packages/tsdf_saver
-- Symlinking: /home/alex/ros2_ws/install/tsdf_saver/share/ament_index/resource_index/rclcpp_components/tsdf_saver
-- Symlinking: /home/alex/ros2_ws/install/tsdf_saver/share/tsdf_saver/cmake/tsdf_saverConfig.cmake
-- Symlinking: /home/alex/ros2_ws/install/tsdf_saver/share/tsdf_saver/cmake/tsdf_saverConfig-version.cmake
-- Symlinking: /home/alex/ros2_ws/install/tsdf_saver/share/tsdf_saver/package.xml
