[0.857s] Invoking command in '/home/alex/ros2_ws/src/sgbm_depth': PYTHONPATH=/home/alex/ros2_ws/build/sgbm_depth/prefix_override:/usr/lib/python3/dist-packages/colcon_core/task/python/colcon_distutils_commands:/home/alex/ros2_ws/install/sgbm_depth/lib/python3.12/site-packages:${PYTHONPATH} /usr/bin/python3 -W ignore:setup.py install is deprecated -W ignore:easy_install command is deprecated setup.py egg_info --egg-base ../../build/sgbm_depth build --build-base /home/alex/ros2_ws/build/sgbm_depth/build install --record /home/alex/ros2_ws/build/sgbm_depth/install.log --single-version-externally-managed install_data
[1.126s] running egg_info
[1.144s] writing ../../build/sgbm_depth/sgbm_depth.egg-info/PKG-INFO
[1.145s] writing dependency_links to ../../build/sgbm_depth/sgbm_depth.egg-info/dependency_links.txt
[1.145s] writing entry points to ../../build/sgbm_depth/sgbm_depth.egg-info/entry_points.txt
[1.145s] writing requirements to ../../build/sgbm_depth/sgbm_depth.egg-info/requires.txt
[1.145s] writing top-level names to ../../build/sgbm_depth/sgbm_depth.egg-info/top_level.txt
[1.185s] reading manifest file '../../build/sgbm_depth/sgbm_depth.egg-info/SOURCES.txt'
[1.185s] adding license file 'LICENSE'
[1.185s] writing manifest file '../../build/sgbm_depth/sgbm_depth.egg-info/SOURCES.txt'
[1.185s] running build
[1.185s] running build_py
[1.186s] running install
[1.192s] running install_lib
[1.214s] running install_data
[1.214s] running install_egg_info
[1.234s] removing '/home/alex/ros2_ws/install/sgbm_depth/lib/python3.12/site-packages/sgbm_depth-0.0.0-py3.12.egg-info' (and everything under it)
[1.235s] Copying ../../build/sgbm_depth/sgbm_depth.egg-info to /home/alex/ros2_ws/install/sgbm_depth/lib/python3.12/site-packages/sgbm_depth-0.0.0-py3.12.egg-info
[1.235s] running install_scripts
[1.362s] Installing depth_mapper script to /home/alex/ros2_ws/install/sgbm_depth/lib/sgbm-depth
[1.362s] writing list of installed files to '/home/alex/ros2_ws/build/sgbm_depth/install.log'
[1.394s] Invoked command in '/home/alex/ros2_ws/src/sgbm_depth' returned '0': PYTHONPATH=/home/alex/ros2_ws/build/sgbm_depth/prefix_override:/usr/lib/python3/dist-packages/colcon_core/task/python/colcon_distutils_commands:/home/alex/ros2_ws/install/sgbm_depth/lib/python3.12/site-packages:${PYTHONPATH} /usr/bin/python3 -W ignore:setup.py install is deprecated -W ignore:easy_install command is deprecated setup.py egg_info --egg-base ../../build/sgbm_depth build --build-base /home/alex/ros2_ws/build/sgbm_depth/build install --record /home/alex/ros2_ws/build/sgbm_depth/install.log --single-version-externally-managed install_data
