[0.370s] DEBUG:colcon:Command line arguments: ['/usr/bin/colcon', 'build']
[0.370s] DEBUG:colcon:Parsed command line arguments: Namespace(log_base=None, log_level=None, verb_name='build', build_base='build', install_base='install', merge_install=False, symlink_install=False, test_result_base=None, continue_on_error=False, executor='parallel', parallel_workers=8, event_handlers=None, ignore_user_meta=False, metas=['./colcon.meta'], base_paths=['.'], packages_ignore=None, packages_ignore_regex=None, paths=None, packages_up_to=None, packages_up_to_regex=None, packages_above=None, packages_above_and_dependencies=None, packages_above_depth=None, packages_select_by_dep=None, packages_skip_by_dep=None, packages_skip_up_to=None, packages_select_build_failed=False, packages_skip_build_finished=False, packages_select_test_failures=False, packages_skip_test_passed=False, packages_select=None, packages_skip=None, packages_select_regex=None, packages_skip_regex=None, packages_start=None, packages_end=None, allow_overriding=[], cmake_args=None, cmake_target=None, cmake_target_skip_unavailable=False, cmake_clean_cache=False, cmake_clean_first=False, cmake_force_configure=False, ament_cmake_args=None, catkin_cmake_args=None, catkin_skip_building_tests=False, mixin_files=None, mixin=None, verb_parser=<colcon_mixin.mixin.mixin_argument.MixinArgumentDecorator object at 0x7a20cbe769f0>, verb_extension=<colcon_core.verb.build.BuildVerb object at 0x7a20cbe766c0>, main=<bound method BuildVerb.main of <colcon_core.verb.build.BuildVerb object at 0x7a20cbe766c0>>, mixin_verb=('build',))
[0.463s] Level 1:colcon.colcon_core.package_discovery:discover_packages(colcon_meta) check parameters
[0.464s] Level 1:colcon.colcon_core.package_discovery:discover_packages(recursive) check parameters
[0.464s] Level 1:colcon.colcon_core.package_discovery:discover_packages(ignore) check parameters
[0.464s] Level 1:colcon.colcon_core.package_discovery:discover_packages(path) check parameters
[0.464s] Level 1:colcon.colcon_core.package_discovery:discover_packages(colcon_meta) discover
[0.464s] Level 1:colcon.colcon_core.package_discovery:discover_packages(recursive) discover
[0.464s] INFO:colcon.colcon_core.package_discovery:Crawling recursively for packages in '/home/alex/ros2_ws'
[0.464s] Level 1:colcon.colcon_core.package_identification:_identify(.) by extensions ['ignore', 'ignore_ament_install']
[0.464s] Level 1:colcon.colcon_core.package_identification:_identify(.) by extension 'ignore'
[0.464s] Level 1:colcon.colcon_core.package_identification:_identify(.) by extension 'ignore_ament_install'
[0.464s] Level 1:colcon.colcon_core.package_identification:_identify(.) by extensions ['colcon_pkg']
[0.464s] Level 1:colcon.colcon_core.package_identification:_identify(.) by extension 'colcon_pkg'
[0.464s] Level 1:colcon.colcon_core.package_identification:_identify(.) by extensions ['colcon_meta']
[0.464s] Level 1:colcon.colcon_core.package_identification:_identify(.) by extension 'colcon_meta'
[0.464s] Level 1:colcon.colcon_core.package_identification:_identify(.) by extensions ['ros']
[0.464s] Level 1:colcon.colcon_core.package_identification:_identify(.) by extension 'ros'
[0.506s] Level 1:colcon.colcon_core.package_identification:_identify(.) by extensions ['cmake', 'python']
[0.506s] Level 1:colcon.colcon_core.package_identification:_identify(.) by extension 'cmake'
[0.506s] Level 1:colcon.colcon_core.package_identification:_identify(.) by extension 'python'
[0.506s] Level 1:colcon.colcon_core.package_identification:_identify(.) by extensions ['python_setup_py']
[0.506s] Level 1:colcon.colcon_core.package_identification:_identify(.) by extension 'python_setup_py'
[0.506s] Level 1:colcon.colcon_core.package_identification:_identify(build) by extensions ['ignore', 'ignore_ament_install']
[0.506s] Level 1:colcon.colcon_core.package_identification:_identify(build) by extension 'ignore'
[0.506s] Level 1:colcon.colcon_core.package_identification:_identify(build) ignored
[0.506s] Level 1:colcon.colcon_core.package_identification:_identify(install) by extensions ['ignore', 'ignore_ament_install']
[0.506s] Level 1:colcon.colcon_core.package_identification:_identify(install) by extension 'ignore'
[0.506s] Level 1:colcon.colcon_core.package_identification:_identify(install) ignored
[0.507s] Level 1:colcon.colcon_core.package_identification:_identify(log) by extensions ['ignore', 'ignore_ament_install']
[0.507s] Level 1:colcon.colcon_core.package_identification:_identify(log) by extension 'ignore'
[0.507s] Level 1:colcon.colcon_core.package_identification:_identify(log) ignored
[0.507s] Level 1:colcon.colcon_core.package_identification:_identify(src) by extensions ['ignore', 'ignore_ament_install']
[0.507s] Level 1:colcon.colcon_core.package_identification:_identify(src) by extension 'ignore'
[0.507s] Level 1:colcon.colcon_core.package_identification:_identify(src) by extension 'ignore_ament_install'
[0.507s] Level 1:colcon.colcon_core.package_identification:_identify(src) by extensions ['colcon_pkg']
[0.507s] Level 1:colcon.colcon_core.package_identification:_identify(src) by extension 'colcon_pkg'
[0.507s] Level 1:colcon.colcon_core.package_identification:_identify(src) by extensions ['colcon_meta']
[0.507s] Level 1:colcon.colcon_core.package_identification:_identify(src) by extension 'colcon_meta'
[0.507s] Level 1:colcon.colcon_core.package_identification:_identify(src) by extensions ['ros']
[0.507s] Level 1:colcon.colcon_core.package_identification:_identify(src) by extension 'ros'
[0.507s] Level 1:colcon.colcon_core.package_identification:_identify(src) by extensions ['cmake', 'python']
[0.507s] Level 1:colcon.colcon_core.package_identification:_identify(src) by extension 'cmake'
[0.507s] Level 1:colcon.colcon_core.package_identification:_identify(src) by extension 'python'
[0.507s] Level 1:colcon.colcon_core.package_identification:_identify(src) by extensions ['python_setup_py']
[0.507s] Level 1:colcon.colcon_core.package_identification:_identify(src) by extension 'python_setup_py'
[0.507s] Level 1:colcon.colcon_core.package_identification:_identify(src/DB-TSDF) by extensions ['ignore', 'ignore_ament_install']
[0.508s] Level 1:colcon.colcon_core.package_identification:_identify(src/DB-TSDF) by extension 'ignore'
[0.508s] Level 1:colcon.colcon_core.package_identification:_identify(src/DB-TSDF) by extension 'ignore_ament_install'
[0.508s] Level 1:colcon.colcon_core.package_identification:_identify(src/DB-TSDF) by extensions ['colcon_pkg']
[0.508s] Level 1:colcon.colcon_core.package_identification:_identify(src/DB-TSDF) by extension 'colcon_pkg'
[0.508s] Level 1:colcon.colcon_core.package_identification:_identify(src/DB-TSDF) by extensions ['colcon_meta']
[0.508s] Level 1:colcon.colcon_core.package_identification:_identify(src/DB-TSDF) by extension 'colcon_meta'
[0.508s] Level 1:colcon.colcon_core.package_identification:_identify(src/DB-TSDF) by extensions ['ros']
[0.508s] Level 1:colcon.colcon_core.package_identification:_identify(src/DB-TSDF) by extension 'ros'
[0.513s] DEBUG:colcon.colcon_core.package_identification:Package 'src/DB-TSDF' with type 'ros.ament_cmake' and name 'db_tsdf'
[0.513s] Level 1:colcon.colcon_core.package_identification:_identify(src/sgbm_depth) by extensions ['ignore', 'ignore_ament_install']
[0.513s] Level 1:colcon.colcon_core.package_identification:_identify(src/sgbm_depth) by extension 'ignore'
[0.513s] Level 1:colcon.colcon_core.package_identification:_identify(src/sgbm_depth) by extension 'ignore_ament_install'
[0.513s] Level 1:colcon.colcon_core.package_identification:_identify(src/sgbm_depth) by extensions ['colcon_pkg']
[0.513s] Level 1:colcon.colcon_core.package_identification:_identify(src/sgbm_depth) by extension 'colcon_pkg'
[0.513s] Level 1:colcon.colcon_core.package_identification:_identify(src/sgbm_depth) by extensions ['colcon_meta']
[0.513s] Level 1:colcon.colcon_core.package_identification:_identify(src/sgbm_depth) by extension 'colcon_meta'
[0.513s] Level 1:colcon.colcon_core.package_identification:_identify(src/sgbm_depth) by extensions ['ros']
[0.513s] Level 1:colcon.colcon_core.package_identification:_identify(src/sgbm_depth) by extension 'ros'
[0.514s] DEBUG:colcon.colcon_core.package_identification:Package 'src/sgbm_depth' with type 'ros.ament_python' and name 'sgbm_depth'
[0.514s] Level 1:colcon.colcon_core.package_identification:_identify(src/tsdf_saver) by extensions ['ignore', 'ignore_ament_install']
[0.514s] Level 1:colcon.colcon_core.package_identification:_identify(src/tsdf_saver) by extension 'ignore'
[0.514s] Level 1:colcon.colcon_core.package_identification:_identify(src/tsdf_saver) by extension 'ignore_ament_install'
[0.514s] Level 1:colcon.colcon_core.package_identification:_identify(src/tsdf_saver) by extensions ['colcon_pkg']
[0.514s] Level 1:colcon.colcon_core.package_identification:_identify(src/tsdf_saver) by extension 'colcon_pkg'
[0.514s] Level 1:colcon.colcon_core.package_identification:_identify(src/tsdf_saver) by extensions ['colcon_meta']
[0.514s] Level 1:colcon.colcon_core.package_identification:_identify(src/tsdf_saver) by extension 'colcon_meta'
[0.514s] Level 1:colcon.colcon_core.package_identification:_identify(src/tsdf_saver) by extensions ['ros']
[0.514s] Level 1:colcon.colcon_core.package_identification:_identify(src/tsdf_saver) by extension 'ros'
[0.516s] DEBUG:colcon.colcon_core.package_identification:Package 'src/tsdf_saver' with type 'ros.ament_cmake' and name 'tsdf_saver'
[0.516s] Level 1:colcon.colcon_core.package_discovery:discover_packages(recursive) using defaults
[0.516s] Level 1:colcon.colcon_core.package_discovery:discover_packages(ignore) discover
[0.516s] Level 1:colcon.colcon_core.package_discovery:discover_packages(ignore) using defaults
[0.516s] Level 1:colcon.colcon_core.package_discovery:discover_packages(path) discover
[0.516s] Level 1:colcon.colcon_core.package_discovery:discover_packages(path) using defaults
[0.550s] Level 1:colcon.colcon_core.package_discovery:discover_packages(prefix_path) check parameters
[0.550s] Level 1:colcon.colcon_core.package_discovery:discover_packages(prefix_path) discover
[0.556s] DEBUG:colcon.colcon_installed_package_information.package_discovery:Found 3 installed packages in /home/alex/ros2_ws/install
[0.563s] DEBUG:colcon.colcon_installed_package_information.package_discovery:Found 298 installed packages in /opt/ros/jazzy
[0.564s] Level 1:colcon.colcon_core.package_discovery:discover_packages(prefix_path) using defaults
[0.706s] Level 5:colcon.colcon_core.verb:set package 'db_tsdf' build argument 'cmake_args' from command line to 'None'
[0.706s] Level 5:colcon.colcon_core.verb:set package 'db_tsdf' build argument 'cmake_target' from command line to 'None'
[0.706s] Level 5:colcon.colcon_core.verb:set package 'db_tsdf' build argument 'cmake_target_skip_unavailable' from command line to 'False'
[0.706s] Level 5:colcon.colcon_core.verb:set package 'db_tsdf' build argument 'cmake_clean_cache' from command line to 'False'
[0.706s] Level 5:colcon.colcon_core.verb:set package 'db_tsdf' build argument 'cmake_clean_first' from command line to 'False'
[0.706s] Level 5:colcon.colcon_core.verb:set package 'db_tsdf' build argument 'cmake_force_configure' from command line to 'False'
[0.706s] Level 5:colcon.colcon_core.verb:set package 'db_tsdf' build argument 'ament_cmake_args' from command line to 'None'
[0.706s] Level 5:colcon.colcon_core.verb:set package 'db_tsdf' build argument 'catkin_cmake_args' from command line to 'None'
[0.706s] Level 5:colcon.colcon_core.verb:set package 'db_tsdf' build argument 'catkin_skip_building_tests' from command line to 'False'
[0.706s] DEBUG:colcon.colcon_core.verb:Building package 'db_tsdf' with the following arguments: {'ament_cmake_args': None, 'build_base': '/home/alex/ros2_ws/build/db_tsdf', 'catkin_cmake_args': None, 'catkin_skip_building_tests': False, 'cmake_args': None, 'cmake_clean_cache': False, 'cmake_clean_first': False, 'cmake_force_configure': False, 'cmake_target': None, 'cmake_target_skip_unavailable': False, 'install_base': '/home/alex/ros2_ws/install/db_tsdf', 'merge_install': False, 'path': '/home/alex/ros2_ws/src/DB-TSDF', 'symlink_install': False, 'test_result_base': None}
[0.707s] Level 5:colcon.colcon_core.verb:set package 'sgbm_depth' build argument 'cmake_args' from command line to 'None'
[0.707s] Level 5:colcon.colcon_core.verb:set package 'sgbm_depth' build argument 'cmake_target' from command line to 'None'
[0.707s] Level 5:colcon.colcon_core.verb:set package 'sgbm_depth' build argument 'cmake_target_skip_unavailable' from command line to 'False'
[0.707s] Level 5:colcon.colcon_core.verb:set package 'sgbm_depth' build argument 'cmake_clean_cache' from command line to 'False'
[0.707s] Level 5:colcon.colcon_core.verb:set package 'sgbm_depth' build argument 'cmake_clean_first' from command line to 'False'
[0.707s] Level 5:colcon.colcon_core.verb:set package 'sgbm_depth' build argument 'cmake_force_configure' from command line to 'False'
[0.707s] Level 5:colcon.colcon_core.verb:set package 'sgbm_depth' build argument 'ament_cmake_args' from command line to 'None'
[0.707s] Level 5:colcon.colcon_core.verb:set package 'sgbm_depth' build argument 'catkin_cmake_args' from command line to 'None'
[0.707s] Level 5:colcon.colcon_core.verb:set package 'sgbm_depth' build argument 'catkin_skip_building_tests' from command line to 'False'
[0.707s] DEBUG:colcon.colcon_core.verb:Building package 'sgbm_depth' with the following arguments: {'ament_cmake_args': None, 'build_base': '/home/alex/ros2_ws/build/sgbm_depth', 'catkin_cmake_args': None, 'catkin_skip_building_tests': False, 'cmake_args': None, 'cmake_clean_cache': False, 'cmake_clean_first': False, 'cmake_force_configure': False, 'cmake_target': None, 'cmake_target_skip_unavailable': False, 'install_base': '/home/alex/ros2_ws/install/sgbm_depth', 'merge_install': False, 'path': '/home/alex/ros2_ws/src/sgbm_depth', 'symlink_install': False, 'test_result_base': None}
[0.707s] Level 5:colcon.colcon_core.verb:set package 'tsdf_saver' build argument 'cmake_args' from command line to 'None'
[0.707s] Level 5:colcon.colcon_core.verb:set package 'tsdf_saver' build argument 'cmake_target' from command line to 'None'
[0.707s] Level 5:colcon.colcon_core.verb:set package 'tsdf_saver' build argument 'cmake_target_skip_unavailable' from command line to 'False'
[0.707s] Level 5:colcon.colcon_core.verb:set package 'tsdf_saver' build argument 'cmake_clean_cache' from command line to 'False'
[0.707s] Level 5:colcon.colcon_core.verb:set package 'tsdf_saver' build argument 'cmake_clean_first' from command line to 'False'
[0.707s] Level 5:colcon.colcon_core.verb:set package 'tsdf_saver' build argument 'cmake_force_configure' from command line to 'False'
[0.707s] Level 5:colcon.colcon_core.verb:set package 'tsdf_saver' build argument 'ament_cmake_args' from command line to 'None'
[0.707s] Level 5:colcon.colcon_core.verb:set package 'tsdf_saver' build argument 'catkin_cmake_args' from command line to 'None'
[0.707s] Level 5:colcon.colcon_core.verb:set package 'tsdf_saver' build argument 'catkin_skip_building_tests' from command line to 'False'
[0.707s] DEBUG:colcon.colcon_core.verb:Building package 'tsdf_saver' with the following arguments: {'ament_cmake_args': None, 'build_base': '/home/alex/ros2_ws/build/tsdf_saver', 'catkin_cmake_args': None, 'catkin_skip_building_tests': False, 'cmake_args': None, 'cmake_clean_cache': False, 'cmake_clean_first': False, 'cmake_force_configure': False, 'cmake_target': None, 'cmake_target_skip_unavailable': False, 'install_base': '/home/alex/ros2_ws/install/tsdf_saver', 'merge_install': False, 'path': '/home/alex/ros2_ws/src/tsdf_saver', 'symlink_install': False, 'test_result_base': None}
[0.707s] INFO:colcon.colcon_core.executor:Executing jobs using 'parallel' executor
[0.709s] DEBUG:colcon.colcon_parallel_executor.executor.parallel:run_until_complete
[0.709s] INFO:colcon.colcon_ros.task.ament_cmake.build:Building ROS package in '/home/alex/ros2_ws/src/DB-TSDF' with build type 'ament_cmake'
[0.709s] INFO:colcon.colcon_cmake.task.cmake.build:Building CMake package in '/home/alex/ros2_ws/src/DB-TSDF'
[0.714s] INFO:colcon.colcon_core.plugin_system:Skipping extension 'colcon_core.shell.bat': Not used on non-Windows systems
[0.715s] INFO:colcon.colcon_core.shell:Skip shell extension 'powershell' for command environment: Not usable outside of PowerShell
[0.715s] DEBUG:colcon.colcon_core.shell:Skip shell extension 'dsv' for command environment
[0.719s] INFO:colcon.colcon_ros.task.ament_python.build:Building ROS package in '/home/alex/ros2_ws/src/sgbm_depth' with build type 'ament_python'
[0.719s] Level 1:colcon.colcon_core.shell:create_environment_hook('sgbm_depth', 'ament_prefix_path')
[0.719s] INFO:colcon.colcon_core.shell:Creating environment hook '/home/alex/ros2_ws/install/sgbm_depth/share/sgbm_depth/hook/ament_prefix_path.ps1'
[0.720s] INFO:colcon.colcon_core.shell:Creating environment descriptor '/home/alex/ros2_ws/install/sgbm_depth/share/sgbm_depth/hook/ament_prefix_path.dsv'
[0.721s] INFO:colcon.colcon_core.shell:Creating environment hook '/home/alex/ros2_ws/install/sgbm_depth/share/sgbm_depth/hook/ament_prefix_path.sh'
[0.721s] INFO:colcon.colcon_core.shell:Skip shell extension 'powershell' for command environment: Not usable outside of PowerShell
[0.721s] DEBUG:colcon.colcon_core.shell:Skip shell extension 'dsv' for command environment
[0.724s] INFO:colcon.colcon_ros.task.ament_cmake.build:Building ROS package in '/home/alex/ros2_ws/src/tsdf_saver' with build type 'ament_cmake'
[0.725s] INFO:colcon.colcon_cmake.task.cmake.build:Building CMake package in '/home/alex/ros2_ws/src/tsdf_saver'
[0.725s] INFO:colcon.colcon_core.shell:Skip shell extension 'powershell' for command environment: Not usable outside of PowerShell
[0.725s] DEBUG:colcon.colcon_core.shell:Skip shell extension 'dsv' for command environment
[0.733s] DEBUG:colcon.colcon_core.event_handler.log_command:Invoking command in '/home/alex/ros2_ws/build/db_tsdf': CMAKE_PREFIX_PATH=${CMAKE_PREFIX_PATH}:/home/alex/ros2_ws/install/sgbm_depth:/opt/ros/jazzy /usr/bin/cmake --build /home/alex/ros2_ws/build/db_tsdf -- -j8 -l8
[0.963s] INFO:colcon.colcon_core.task.python.build:Building Python package in '/home/alex/ros2_ws/src/sgbm_depth'
[0.963s] INFO:colcon.colcon_core.shell:Skip shell extension 'powershell' for command environment: Not usable outside of PowerShell
[0.963s] DEBUG:colcon.colcon_core.shell:Skip shell extension 'dsv' for command environment
[0.972s] DEBUG:colcon.colcon_core.event_handler.log_command:Invoking command in '/home/alex/ros2_ws/build/tsdf_saver': CMAKE_PREFIX_PATH=${CMAKE_PREFIX_PATH}:/home/alex/ros2_ws/install/sgbm_depth:/opt/ros/jazzy /usr/bin/cmake --build /home/alex/ros2_ws/build/tsdf_saver -- -j8 -l8
[1.000s] DEBUG:colcon.colcon_core.event_handler.log_command:Invoked command in '/home/alex/ros2_ws/build/db_tsdf' returned '0': CMAKE_PREFIX_PATH=${CMAKE_PREFIX_PATH}:/home/alex/ros2_ws/install/sgbm_depth:/opt/ros/jazzy /usr/bin/cmake --build /home/alex/ros2_ws/build/db_tsdf -- -j8 -l8
[1.013s] DEBUG:colcon.colcon_core.event_handler.log_command:Invoking command in '/home/alex/ros2_ws/build/db_tsdf': CMAKE_PREFIX_PATH=${CMAKE_PREFIX_PATH}:/home/alex/ros2_ws/install/sgbm_depth:/opt/ros/jazzy /usr/bin/cmake --install /home/alex/ros2_ws/build/db_tsdf
[1.027s] Level 1:colcon.colcon_core.environment:create_environment_scripts_only(db_tsdf)
[1.028s] DEBUG:colcon.colcon_core.event_handler.log_command:Invoked command in '/home/alex/ros2_ws/build/db_tsdf' returned '0': CMAKE_PREFIX_PATH=${CMAKE_PREFIX_PATH}:/home/alex/ros2_ws/install/sgbm_depth:/opt/ros/jazzy /usr/bin/cmake --install /home/alex/ros2_ws/build/db_tsdf
[1.034s] Level 1:colcon.colcon_core.environment:checking '/home/alex/ros2_ws/install/db_tsdf' for CMake module files
[1.035s] Level 1:colcon.colcon_core.environment:checking '/home/alex/ros2_ws/install/db_tsdf' for CMake config files
[1.035s] Level 1:colcon.colcon_core.shell:create_environment_hook('db_tsdf', 'cmake_prefix_path')
[1.036s] INFO:colcon.colcon_core.shell:Creating environment hook '/home/alex/ros2_ws/install/db_tsdf/share/db_tsdf/hook/cmake_prefix_path.ps1'
[1.036s] INFO:colcon.colcon_core.shell:Creating environment descriptor '/home/alex/ros2_ws/install/db_tsdf/share/db_tsdf/hook/cmake_prefix_path.dsv'
[1.037s] INFO:colcon.colcon_core.shell:Creating environment hook '/home/alex/ros2_ws/install/db_tsdf/share/db_tsdf/hook/cmake_prefix_path.sh'
[1.038s] Level 1:colcon.colcon_core.environment:checking '/home/alex/ros2_ws/install/db_tsdf/lib'
[1.038s] Level 1:colcon.colcon_core.environment:checking '/home/alex/ros2_ws/install/db_tsdf/bin'
[1.038s] Level 1:colcon.colcon_core.environment:checking '/home/alex/ros2_ws/install/db_tsdf/lib/pkgconfig/db_tsdf.pc'
[1.038s] Level 1:colcon.colcon_core.environment:checking '/home/alex/ros2_ws/install/db_tsdf/lib/python3.12/site-packages'
[1.039s] Level 1:colcon.colcon_core.environment:checking '/home/alex/ros2_ws/install/db_tsdf/bin'
[1.039s] INFO:colcon.colcon_core.shell:Creating package script '/home/alex/ros2_ws/install/db_tsdf/share/db_tsdf/package.ps1'
[1.040s] INFO:colcon.colcon_core.shell:Creating package descriptor '/home/alex/ros2_ws/install/db_tsdf/share/db_tsdf/package.dsv'
[1.041s] INFO:colcon.colcon_core.shell:Creating package script '/home/alex/ros2_ws/install/db_tsdf/share/db_tsdf/package.sh'
[1.042s] INFO:colcon.colcon_core.shell:Creating package script '/home/alex/ros2_ws/install/db_tsdf/share/db_tsdf/package.bash'
[1.043s] INFO:colcon.colcon_core.shell:Creating package script '/home/alex/ros2_ws/install/db_tsdf/share/db_tsdf/package.zsh'
[1.044s] Level 1:colcon.colcon_core.environment:create_file_with_runtime_dependencies(/home/alex/ros2_ws/install/db_tsdf/share/colcon-core/packages/db_tsdf)
[1.044s] Level 1:colcon.colcon_core.environment:create_environment_scripts_only(db_tsdf)
[1.044s] Level 1:colcon.colcon_core.environment:checking '/home/alex/ros2_ws/install/db_tsdf' for CMake module files
[1.045s] Level 1:colcon.colcon_core.environment:checking '/home/alex/ros2_ws/install/db_tsdf' for CMake config files
[1.045s] Level 1:colcon.colcon_core.shell:create_environment_hook('db_tsdf', 'cmake_prefix_path')
[1.045s] INFO:colcon.colcon_core.shell:Creating environment hook '/home/alex/ros2_ws/install/db_tsdf/share/db_tsdf/hook/cmake_prefix_path.ps1'
[1.046s] INFO:colcon.colcon_core.shell:Creating environment descriptor '/home/alex/ros2_ws/install/db_tsdf/share/db_tsdf/hook/cmake_prefix_path.dsv'
[1.046s] INFO:colcon.colcon_core.shell:Creating environment hook '/home/alex/ros2_ws/install/db_tsdf/share/db_tsdf/hook/cmake_prefix_path.sh'
[1.047s] Level 1:colcon.colcon_core.environment:checking '/home/alex/ros2_ws/install/db_tsdf/lib'
[1.047s] Level 1:colcon.colcon_core.environment:checking '/home/alex/ros2_ws/install/db_tsdf/bin'
[1.047s] Level 1:colcon.colcon_core.environment:checking '/home/alex/ros2_ws/install/db_tsdf/lib/pkgconfig/db_tsdf.pc'
[1.048s] Level 1:colcon.colcon_core.environment:checking '/home/alex/ros2_ws/install/db_tsdf/lib/python3.12/site-packages'
[1.048s] Level 1:colcon.colcon_core.environment:checking '/home/alex/ros2_ws/install/db_tsdf/bin'
[1.048s] INFO:colcon.colcon_core.shell:Creating package script '/home/alex/ros2_ws/install/db_tsdf/share/db_tsdf/package.ps1'
[1.049s] INFO:colcon.colcon_core.shell:Creating package descriptor '/home/alex/ros2_ws/install/db_tsdf/share/db_tsdf/package.dsv'
[1.049s] INFO:colcon.colcon_core.shell:Creating package script '/home/alex/ros2_ws/install/db_tsdf/share/db_tsdf/package.sh'
[1.050s] INFO:colcon.colcon_core.shell:Creating package script '/home/alex/ros2_ws/install/db_tsdf/share/db_tsdf/package.bash'
[1.050s] INFO:colcon.colcon_core.shell:Creating package script '/home/alex/ros2_ws/install/db_tsdf/share/db_tsdf/package.zsh'
[1.051s] Level 1:colcon.colcon_core.environment:create_file_with_runtime_dependencies(/home/alex/ros2_ws/install/db_tsdf/share/colcon-core/packages/db_tsdf)
[1.052s] DEBUG:colcon.colcon_core.event_handler.log_command:Invoked command in '/home/alex/ros2_ws/build/tsdf_saver' returned '0': CMAKE_PREFIX_PATH=${CMAKE_PREFIX_PATH}:/home/alex/ros2_ws/install/sgbm_depth:/opt/ros/jazzy /usr/bin/cmake --build /home/alex/ros2_ws/build/tsdf_saver -- -j8 -l8
[1.054s] DEBUG:colcon.colcon_core.event_handler.log_command:Invoking command in '/home/alex/ros2_ws/build/tsdf_saver': CMAKE_PREFIX_PATH=${CMAKE_PREFIX_PATH}:/home/alex/ros2_ws/install/sgbm_depth:/opt/ros/jazzy /usr/bin/cmake --install /home/alex/ros2_ws/build/tsdf_saver
[1.078s] Level 1:colcon.colcon_core.environment:create_environment_scripts_only(tsdf_saver)
[1.079s] Level 1:colcon.colcon_core.environment:checking '/home/alex/ros2_ws/install/tsdf_saver' for CMake module files
[1.079s] DEBUG:colcon.colcon_core.event_handler.log_command:Invoked command in '/home/alex/ros2_ws/build/tsdf_saver' returned '0': CMAKE_PREFIX_PATH=${CMAKE_PREFIX_PATH}:/home/alex/ros2_ws/install/sgbm_depth:/opt/ros/jazzy /usr/bin/cmake --install /home/alex/ros2_ws/build/tsdf_saver
[1.080s] Level 1:colcon.colcon_core.environment:checking '/home/alex/ros2_ws/install/tsdf_saver' for CMake config files
[1.080s] Level 1:colcon.colcon_core.shell:create_environment_hook('tsdf_saver', 'cmake_prefix_path')
[1.080s] INFO:colcon.colcon_core.shell:Creating environment hook '/home/alex/ros2_ws/install/tsdf_saver/share/tsdf_saver/hook/cmake_prefix_path.ps1'
[1.081s] INFO:colcon.colcon_core.shell:Creating environment descriptor '/home/alex/ros2_ws/install/tsdf_saver/share/tsdf_saver/hook/cmake_prefix_path.dsv'
[1.081s] INFO:colcon.colcon_core.shell:Creating environment hook '/home/alex/ros2_ws/install/tsdf_saver/share/tsdf_saver/hook/cmake_prefix_path.sh'
[1.082s] Level 1:colcon.colcon_core.environment:checking '/home/alex/ros2_ws/install/tsdf_saver/lib'
[1.082s] Level 1:colcon.colcon_core.shell:create_environment_hook('tsdf_saver', 'ld_library_path_lib')
[1.082s] INFO:colcon.colcon_core.shell:Creating environment hook '/home/alex/ros2_ws/install/tsdf_saver/share/tsdf_saver/hook/ld_library_path_lib.ps1'
[1.082s] INFO:colcon.colcon_core.shell:Creating environment descriptor '/home/alex/ros2_ws/install/tsdf_saver/share/tsdf_saver/hook/ld_library_path_lib.dsv'
[1.083s] INFO:colcon.colcon_core.shell:Creating environment hook '/home/alex/ros2_ws/install/tsdf_saver/share/tsdf_saver/hook/ld_library_path_lib.sh'
[1.083s] Level 1:colcon.colcon_core.environment:checking '/home/alex/ros2_ws/install/tsdf_saver/bin'
[1.083s] Level 1:colcon.colcon_core.environment:checking '/home/alex/ros2_ws/install/tsdf_saver/lib/pkgconfig/tsdf_saver.pc'
[1.083s] Level 1:colcon.colcon_core.environment:checking '/home/alex/ros2_ws/install/tsdf_saver/lib/python3.12/site-packages'
[1.084s] Level 1:colcon.colcon_core.environment:checking '/home/alex/ros2_ws/install/tsdf_saver/bin'
[1.084s] INFO:colcon.colcon_core.shell:Creating package script '/home/alex/ros2_ws/install/tsdf_saver/share/tsdf_saver/package.ps1'
[1.085s] INFO:colcon.colcon_core.shell:Creating package descriptor '/home/alex/ros2_ws/install/tsdf_saver/share/tsdf_saver/package.dsv'
[1.085s] INFO:colcon.colcon_core.shell:Creating package script '/home/alex/ros2_ws/install/tsdf_saver/share/tsdf_saver/package.sh'
[1.085s] INFO:colcon.colcon_core.shell:Creating package script '/home/alex/ros2_ws/install/tsdf_saver/share/tsdf_saver/package.bash'
[1.086s] INFO:colcon.colcon_core.shell:Creating package script '/home/alex/ros2_ws/install/tsdf_saver/share/tsdf_saver/package.zsh'
[1.086s] Level 1:colcon.colcon_core.environment:create_file_with_runtime_dependencies(/home/alex/ros2_ws/install/tsdf_saver/share/colcon-core/packages/tsdf_saver)
[1.087s] Level 1:colcon.colcon_core.environment:create_environment_scripts_only(tsdf_saver)
[1.087s] Level 1:colcon.colcon_core.environment:checking '/home/alex/ros2_ws/install/tsdf_saver' for CMake module files
[1.087s] Level 1:colcon.colcon_core.environment:checking '/home/alex/ros2_ws/install/tsdf_saver' for CMake config files
[1.088s] Level 1:colcon.colcon_core.shell:create_environment_hook('tsdf_saver', 'cmake_prefix_path')
[1.088s] INFO:colcon.colcon_core.shell:Creating environment hook '/home/alex/ros2_ws/install/tsdf_saver/share/tsdf_saver/hook/cmake_prefix_path.ps1'
[1.088s] INFO:colcon.colcon_core.shell:Creating environment descriptor '/home/alex/ros2_ws/install/tsdf_saver/share/tsdf_saver/hook/cmake_prefix_path.dsv'
[1.088s] INFO:colcon.colcon_core.shell:Creating environment hook '/home/alex/ros2_ws/install/tsdf_saver/share/tsdf_saver/hook/cmake_prefix_path.sh'
[1.089s] Level 1:colcon.colcon_core.environment:checking '/home/alex/ros2_ws/install/tsdf_saver/lib'
[1.089s] Level 1:colcon.colcon_core.shell:create_environment_hook('tsdf_saver', 'ld_library_path_lib')
[1.089s] INFO:colcon.colcon_core.shell:Creating environment hook '/home/alex/ros2_ws/install/tsdf_saver/share/tsdf_saver/hook/ld_library_path_lib.ps1'
[1.090s] INFO:colcon.colcon_core.shell:Creating environment descriptor '/home/alex/ros2_ws/install/tsdf_saver/share/tsdf_saver/hook/ld_library_path_lib.dsv'
[1.090s] INFO:colcon.colcon_core.shell:Creating environment hook '/home/alex/ros2_ws/install/tsdf_saver/share/tsdf_saver/hook/ld_library_path_lib.sh'
[1.090s] Level 1:colcon.colcon_core.environment:checking '/home/alex/ros2_ws/install/tsdf_saver/bin'
[1.090s] Level 1:colcon.colcon_core.environment:checking '/home/alex/ros2_ws/install/tsdf_saver/lib/pkgconfig/tsdf_saver.pc'
[1.091s] Level 1:colcon.colcon_core.environment:checking '/home/alex/ros2_ws/install/tsdf_saver/lib/python3.12/site-packages'
[1.091s] Level 1:colcon.colcon_core.environment:checking '/home/alex/ros2_ws/install/tsdf_saver/bin'
[1.091s] INFO:colcon.colcon_core.shell:Creating package script '/home/alex/ros2_ws/install/tsdf_saver/share/tsdf_saver/package.ps1'
[1.092s] INFO:colcon.colcon_core.shell:Creating package descriptor '/home/alex/ros2_ws/install/tsdf_saver/share/tsdf_saver/package.dsv'
[1.092s] INFO:colcon.colcon_core.shell:Creating package script '/home/alex/ros2_ws/install/tsdf_saver/share/tsdf_saver/package.sh'
[1.093s] INFO:colcon.colcon_core.shell:Creating package script '/home/alex/ros2_ws/install/tsdf_saver/share/tsdf_saver/package.bash'
[1.093s] INFO:colcon.colcon_core.shell:Creating package script '/home/alex/ros2_ws/install/tsdf_saver/share/tsdf_saver/package.zsh'
[1.093s] Level 1:colcon.colcon_core.environment:create_file_with_runtime_dependencies(/home/alex/ros2_ws/install/tsdf_saver/share/colcon-core/packages/tsdf_saver)
[1.698s] DEBUG:colcon.colcon_core.event_handler.log_command:Invoking command in '/home/alex/ros2_ws/src/sgbm_depth': PYTHONPATH=/home/alex/ros2_ws/build/sgbm_depth/prefix_override:/usr/lib/python3/dist-packages/colcon_core/task/python/colcon_distutils_commands:/home/alex/ros2_ws/install/sgbm_depth/lib/python3.12/site-packages:${PYTHONPATH} /usr/bin/python3 -W ignore:setup.py install is deprecated -W ignore:easy_install command is deprecated setup.py egg_info --egg-base ../../build/sgbm_depth build --build-base /home/alex/ros2_ws/build/sgbm_depth/build install --record /home/alex/ros2_ws/build/sgbm_depth/install.log --single-version-externally-managed install_data
[2.234s] Level 1:colcon.colcon_core.environment:checking '/home/alex/ros2_ws/install/sgbm_depth' for CMake module files
[2.235s] DEBUG:colcon.colcon_core.event_handler.log_command:Invoked command in '/home/alex/ros2_ws/src/sgbm_depth' returned '0': PYTHONPATH=/home/alex/ros2_ws/build/sgbm_depth/prefix_override:/usr/lib/python3/dist-packages/colcon_core/task/python/colcon_distutils_commands:/home/alex/ros2_ws/install/sgbm_depth/lib/python3.12/site-packages:${PYTHONPATH} /usr/bin/python3 -W ignore:setup.py install is deprecated -W ignore:easy_install command is deprecated setup.py egg_info --egg-base ../../build/sgbm_depth build --build-base /home/alex/ros2_ws/build/sgbm_depth/build install --record /home/alex/ros2_ws/build/sgbm_depth/install.log --single-version-externally-managed install_data
[2.236s] Level 1:colcon.colcon_core.environment:checking '/home/alex/ros2_ws/install/sgbm_depth' for CMake config files
[2.236s] Level 1:colcon.colcon_core.environment:checking '/home/alex/ros2_ws/install/sgbm_depth/lib'
[2.236s] Level 1:colcon.colcon_core.environment:checking '/home/alex/ros2_ws/install/sgbm_depth/bin'
[2.237s] Level 1:colcon.colcon_core.environment:checking '/home/alex/ros2_ws/install/sgbm_depth/lib/pkgconfig/sgbm_depth.pc'
[2.237s] Level 1:colcon.colcon_core.environment:checking '/home/alex/ros2_ws/install/sgbm_depth/lib/python3.12/site-packages'
[2.237s] Level 1:colcon.colcon_core.shell:create_environment_hook('sgbm_depth', 'pythonpath')
[2.237s] INFO:colcon.colcon_core.shell:Creating environment hook '/home/alex/ros2_ws/install/sgbm_depth/share/sgbm_depth/hook/pythonpath.ps1'
[2.238s] INFO:colcon.colcon_core.shell:Creating environment descriptor '/home/alex/ros2_ws/install/sgbm_depth/share/sgbm_depth/hook/pythonpath.dsv'
[2.238s] INFO:colcon.colcon_core.shell:Creating environment hook '/home/alex/ros2_ws/install/sgbm_depth/share/sgbm_depth/hook/pythonpath.sh'
[2.239s] Level 1:colcon.colcon_core.environment:checking '/home/alex/ros2_ws/install/sgbm_depth/bin'
[2.240s] Level 1:colcon.colcon_core.environment:create_environment_scripts_only(sgbm_depth)
[2.240s] INFO:colcon.colcon_core.shell:Creating package script '/home/alex/ros2_ws/install/sgbm_depth/share/sgbm_depth/package.ps1'
[2.240s] INFO:colcon.colcon_core.shell:Creating package descriptor '/home/alex/ros2_ws/install/sgbm_depth/share/sgbm_depth/package.dsv'
[2.241s] INFO:colcon.colcon_core.shell:Creating package script '/home/alex/ros2_ws/install/sgbm_depth/share/sgbm_depth/package.sh'
[2.242s] INFO:colcon.colcon_core.shell:Creating package script '/home/alex/ros2_ws/install/sgbm_depth/share/sgbm_depth/package.bash'
[2.242s] INFO:colcon.colcon_core.shell:Creating package script '/home/alex/ros2_ws/install/sgbm_depth/share/sgbm_depth/package.zsh'
[2.242s] Level 1:colcon.colcon_core.environment:create_file_with_runtime_dependencies(/home/alex/ros2_ws/install/sgbm_depth/share/colcon-core/packages/sgbm_depth)
[2.243s] DEBUG:colcon.colcon_parallel_executor.executor.parallel:closing loop
[2.243s] DEBUG:colcon.colcon_parallel_executor.executor.parallel:loop closed
[2.243s] DEBUG:colcon.colcon_parallel_executor.executor.parallel:run_until_complete finished with '0'
[2.243s] DEBUG:colcon.colcon_core.event_reactor:joining thread
[2.260s] INFO:colcon.colcon_core.plugin_system:Skipping extension 'colcon_notification.desktop_notification.notify_send': Could not find 'notify-send'
[2.260s] INFO:colcon.colcon_core.plugin_system:Skipping extension 'colcon_notification.desktop_notification.terminal_notifier': Not used on non-Darwin systems
[2.260s] INFO:colcon.colcon_core.plugin_system:Skipping extension 'colcon_notification.desktop_notification.win32': Not used on non-Windows systems
[2.260s] INFO:colcon.colcon_notification.desktop_notification:Sending desktop notification using 'notify2'
[2.269s] DEBUG:colcon.colcon_notification.desktop_notification.notify2:Failed to initialize notify2: org.freedesktop.DBus.Error.Spawn.ExecFailed: /usr/bin/dbus-launch terminated abnormally without any error message
[2.270s] DEBUG:colcon.colcon_core.event_reactor:joined thread
[2.270s] INFO:colcon.colcon_core.shell:Creating prefix script '/home/alex/ros2_ws/install/local_setup.ps1'
[2.272s] INFO:colcon.colcon_core.shell:Creating prefix util module '/home/alex/ros2_ws/install/_local_setup_util_ps1.py'
[2.273s] INFO:colcon.colcon_core.shell:Creating prefix chain script '/home/alex/ros2_ws/install/setup.ps1'
[2.275s] INFO:colcon.colcon_core.shell:Creating prefix script '/home/alex/ros2_ws/install/local_setup.sh'
[2.276s] INFO:colcon.colcon_core.shell:Creating prefix util module '/home/alex/ros2_ws/install/_local_setup_util_sh.py'
[2.277s] INFO:colcon.colcon_core.shell:Creating prefix chain script '/home/alex/ros2_ws/install/setup.sh'
[2.278s] INFO:colcon.colcon_core.shell:Creating prefix script '/home/alex/ros2_ws/install/local_setup.bash'
[2.279s] INFO:colcon.colcon_core.shell:Creating prefix chain script '/home/alex/ros2_ws/install/setup.bash'
[2.280s] INFO:colcon.colcon_core.shell:Creating prefix script '/home/alex/ros2_ws/install/local_setup.zsh'
[2.281s] INFO:colcon.colcon_core.shell:Creating prefix chain script '/home/alex/ros2_ws/install/setup.zsh'
