running egg_info
writing ../../build/sgbm_depth/sgbm_depth.egg-info/PKG-INFO
writing dependency_links to ../../build/sgbm_depth/sgbm_depth.egg-info/dependency_links.txt
writing entry points to ../../build/sgbm_depth/sgbm_depth.egg-info/entry_points.txt
writing requirements to ../../build/sgbm_depth/sgbm_depth.egg-info/requires.txt
writing top-level names to ../../build/sgbm_depth/sgbm_depth.egg-info/top_level.txt
reading manifest file '../../build/sgbm_depth/sgbm_depth.egg-info/SOURCES.txt'
adding license file 'LICENSE'
writing manifest file '../../build/sgbm_depth/sgbm_depth.egg-info/SOURCES.txt'
running build
running build_py
running install
running install_lib
running install_data
copying resource/sgbm_depth -> /home/alex/ros2_ws/install/sgbm_depth/share/ament_index/resource_index/packages
copying package.xml -> /home/alex/ros2_ws/install/sgbm_depth/share/sgbm_depth
running install_egg_info
Copying ../../build/sgbm_depth/sgbm_depth.egg-info to /home/alex/ros2_ws/install/sgbm_depth/lib/python3.12/site-packages/sgbm_depth-0.0.0-py3.12.egg-info
running install_scripts
Installing depth_mapper script to /home/alex/ros2_ws/install/sgbm_depth/lib/sgbm-depth
writing list of installed files to '/home/alex/ros2_ws/build/sgbm_depth/install.log'
