[100%] Built target exact_time_saver
-- Install configuration: "Release"
-- Execute custom install script
-- Up-to-date symlink: /home/alex/ros2_ws/install/tsdf_saver/lib/libexact_time_saver.so
-- Up-to-date symlink: /home/alex/ros2_ws/install/tsdf_saver/include//tsdf_saver/exact_time_saver.hpp
-- Up-to-date symlink: /home/alex/ros2_ws/install/tsdf_saver/share/tsdf_saver/launch/saver.launch.py
-- Up-to-date symlink: /home/alex/ros2_ws/install/tsdf_saver/share/ament_index/resource_index/package_run_dependencies/tsdf_saver
-- Up-to-date symlink: /home/alex/ros2_ws/install/tsdf_saver/share/ament_index/resource_index/parent_prefix_path/tsdf_saver
-- Up-to-date symlink: /home/alex/ros2_ws/install/tsdf_saver/share/tsdf_saver/environment/ament_prefix_path.sh
-- Up-to-date symlink: /home/alex/ros2_ws/install/tsdf_saver/share/tsdf_saver/environment/ament_prefix_path.dsv
-- Up-to-date symlink: /home/alex/ros2_ws/install/tsdf_saver/share/tsdf_saver/environment/path.sh
-- Up-to-date symlink: /home/alex/ros2_ws/install/tsdf_saver/share/tsdf_saver/environment/path.dsv
-- Up-to-date symlink: /home/alex/ros2_ws/install/tsdf_saver/share/tsdf_saver/local_setup.bash
-- Up-to-date symlink: /home/alex/ros2_ws/install/tsdf_saver/share/tsdf_saver/local_setup.sh
-- Up-to-date symlink: /home/alex/ros2_ws/install/tsdf_saver/share/tsdf_saver/local_setup.zsh
-- Up-to-date symlink: /home/alex/ros2_ws/install/tsdf_saver/share/tsdf_saver/local_setup.dsv
-- Symlinking: /home/alex/ros2_ws/install/tsdf_saver/share/tsdf_saver/package.dsv
-- Up-to-date symlink: /home/alex/ros2_ws/install/tsdf_saver/share/ament_index/resource_index/packages/tsdf_saver
-- Up-to-date symlink: /home/alex/ros2_ws/install/tsdf_saver/share/ament_index/resource_index/rclcpp_components/tsdf_saver
-- Up-to-date symlink: /home/alex/ros2_ws/install/tsdf_saver/share/tsdf_saver/cmake/tsdf_saverConfig.cmake
-- Up-to-date symlink: /home/alex/ros2_ws/install/tsdf_saver/share/tsdf_saver/cmake/tsdf_saverConfig-version.cmake
-- Up-to-date symlink: /home/alex/ros2_ws/install/tsdf_saver/share/tsdf_saver/package.xml
