[33mCMake Warning (dev) at /usr/lib/x86_64-linux-gnu/cmake/pcl/Modules/FindFLANN.cmake:45 (find_package):
  Policy CMP0144 is not set: find_package uses upper-case <PACKAGENAME>_ROOT
  variables.  Run "cmake --help-policy CMP0144" for policy details.  Use the
  cmake_policy command to set the policy and suppress this warning.

  CMake variable FLANN_ROOT is set to:

    /usr

  For compatibility, find_package is ignoring the variable, but code in a
  .cmake module might still use it.
Call Stack (most recent call first):
  /usr/lib/x86_64-linux-gnu/cmake/pcl/PCLConfig.cmake:261 (find_package)
  /usr/lib/x86_64-linux-gnu/cmake/pcl/PCLConfig.cmake:306 (find_flann)
  /usr/lib/x86_64-linux-gnu/cmake/pcl/PCLConfig.cmake:570 (find_external_library)
  /opt/ros/jazzy/share/pcl_conversions/cmake/ament_cmake_export_dependencies-extras.cmake:21 (find_package)
  /opt/ros/jazzy/share/pcl_conversions/cmake/pcl_conversionsConfig.cmake:41 (include)
  /opt/ros/jazzy/share/pcl_ros/cmake/ament_cmake_export_dependencies-extras.cmake:21 (find_package)
  /opt/ros/jazzy/share/pcl_ros/cmake/pcl_rosConfig.cmake:41 (include)
  CMakeLists.txt:24 (find_package)
This warning is for project developers.  Use -Wno-dev to suppress it.
[0m
In file included from [01m[K/home/alex/ros2_ws/src/DB-TSDF/include/db_tsdf/tsdf3d_16.hpp:6[m[K,
                 from [01m[K/home/alex/ros2_ws/src/DB-TSDF/src/db_tsdf_node.cpp:32[m[K:
[01m[K/home/alex/ros2_ws/src/DB-TSDF/include/db_tsdf/df3d.hpp:[m[K In member function ‘[01m[Kvirtual void DF3D::[01;32m[Kclear[m[K()[m[K’:
[01m[K/home/alex/ros2_ws/src/DB-TSDF/include/db_tsdf/df3d.hpp:89:28:[m[K [01;35m[Kwarning: [m[K‘[01m[Kvoid*[01;32m[K memset[m[K(void*, int, size_t)[m[K’ clearing an object of non-trivial type ‘[01m[Kstruct TrilinearParams[m[K’; use assignment or value-initialization instead [[01;35m[K-Wclass-memaccess[m[K]
   89 |                 [01;35m[Kstd::memset(m_gridTrilinear, 0, m_gridSize*sizeof(TrilinearParams))[m[K;
      |                 [01;35m[K~~~~~~~~~~~^~~~~~~~~~~~~~~~~~~~~~~~~~~~~~~~~~~~~~~~~~~~~~~~~~~~~~~~[m[K
[01m[K/home/alex/ros2_ws/src/DB-TSDF/include/db_tsdf/df3d.hpp:12:8:[m[K [01;36m[Knote: [m[K‘[01m[Kstruct TrilinearParams[m[K’ declared here
   12 | struct [01;36m[KTrilinearParams[m[K
      |        [01;36m[K^~~~~~~~~~~~~~~[m[K
[01m[K/home/alex/ros2_ws/src/DB-TSDF/include/db_tsdf/df3d.hpp:[m[K In member function ‘[01m[Kvirtual bool DF3D::[01;32m[KisIntoGrid[m[K(const uint64_t&)[m[K’:
[01m[K/home/alex/ros2_ws/src/DB-TSDF/include/db_tsdf/df3d.hpp:190:31:[m[K [01;35m[Kwarning: [m[Kcomparison of unsigned expression in ‘[01m[K>= 0[m[K’ is always true [[01;35m[K-Wtype-limits[m[K]
  190 |                 return ([01;35m[Kindex >= 0[m[K && index < m_gridSize);
      |                         [01;35m[K~~~~~~^~~~[m[K
In file included from [01m[K/home/alex/ros2_ws/src/DB-TSDF/include/db_tsdf/tsdf3d_16.hpp:11[m[K:
[01m[K/home/alex/ros2_ws/src/DB-TSDF/include/db_tsdf/grid_16.hpp:[m[K In member function ‘[01m[Kvoid GRID16::[01;32m[KexportMesh[m[K(const std::string&, float, int)[m[K’:
[01m[K/home/alex/ros2_ws/src/DB-TSDF/include/db_tsdf/grid_16.hpp:499:28:[m[K [01;35m[Kwarning: [m[Kunused variable ‘[01m[Kis_surface[m[K’ [[01;35m[K-Wunused-variable[m[K]
  499 |                 const bool [01;35m[Kis_surface[m[K = (dist_rank <= 1);
      |                            [01;35m[K^~~~~~~~~~[m[K
