-- The C compiler identification is GNU 13.3.0
-- The CXX compiler identification is GNU 13.3.0
-- Detecting C compiler ABI info
-- Detecting C compiler ABI info - done
-- Check for working C compiler: /usr/bin/cc - skipped
-- Detecting C compile features
-- Detecting C compile features - done
-- Detecting CXX compiler ABI info
-- Detecting CXX compiler ABI info - done
-- Check for working CXX compiler: /usr/bin/c++ - skipped
-- Detecting CXX compile features
-- Detecting CXX compile features - done
-- Found ament_cmake: 2.5.4 (/opt/ros/jazzy/share/ament_cmake/cmake)
-- Found Python3: /usr/bin/python3 (found version "3.12.3") found components: Interpreter 
-- Found rclcpp: 28.1.13 (/opt/ros/jazzy/share/rclcpp/cmake)
-- Found rosidl_generator_c: 4.6.6 (/opt/ros/jazzy/share/rosidl_generator_c/cmake)
-- Found rosidl_generator_cpp: 4.6.6 (/opt/ros/jazzy/share/rosidl_generator_cpp/cmake)
-- Using all available rosidl_typesupport_c: rosidl_typesupport_fastrtps_c;rosidl_typesupport_introspection_c
-- Using all available rosidl_typesupport_cpp: rosidl_typesupport_fastrtps_cpp;rosidl_typesupport_introspection_cpp
-- Found rmw_implementation_cmake: 7.3.2 (/opt/ros/jazzy/share/rmw_implementation_cmake/cmake)
-- Found rmw_cyclonedds_cpp: 2.2.3 (/opt/ros/jazzy/share/rmw_cyclonedds_cpp/cmake)
-- Using RMW implementation 'rmw_cyclonedds_cpp' as default
-- Found message_filters: 4.11.9 (/opt/ros/jazzy/share/message_filters/cmake)
-- Found tf2: 0.36.16 (/opt/ros/jazzy/share/tf2/cmake)
-- Found tf2_ros: 0.36.16 (/opt/ros/jazzy/share/tf2_ros/cmake)
-- Found tf2_geometry_msgs: 0.36.16 (/opt/ros/jazzy/share/tf2_geometry_msgs/cmake)
-- Found eigen3_cmake_module: 0.3.0 (/opt/ros/jazzy/share/eigen3_cmake_module/cmake)
-- Found Eigen3: TRUE (found version "3.4.0") 
-- Ensuring Eigen3 include directory is part of orocos-kdl CMake target
-- Found sensor_msgs: 5.3.6 (/opt/ros/jazzy/share/sensor_msgs/cmake)
-- Found nav_msgs: 5.3.6 (/opt/ros/jazzy/share/nav_msgs/cmake)
-- Found pcl_ros: 2.6.2 (/opt/ros/jazzy/share/pcl_ros/cmake)
-- Found flann version 1.9.2
-- Found OpenMP_CXX: -fopenmp (found version "4.5") 
-- Found OpenMP: TRUE (found version "4.5") found components: CXX 
-- Checking for module 'libusb-1.0'
--   Found libusb-1.0, version 1.0.27
-- Found libusb: /usr/lib/x86_64-linux-gnu/libusb-1.0.so  
-- OpenNI found (version: 1.5.4.0, include: /usr/include/ni, lib: /usr/lib/libOpenNI.so;libusb::libusb)
-- OpenNI2 found (version: 2.2.0.33, include: /usr/include/openni2, lib: /usr/lib/x86_64-linux-gnu/libOpenNI2.so;libusb::libusb)
-- Could NOT find Pcap (missing: PCAP_LIBRARIES PCAP_INCLUDE_DIRS) 
-- Found ZLIB: /usr/lib/x86_64-linux-gnu/libz.so (found version "1.3")  
-- Found PNG: /usr/lib/x86_64-linux-gnu/libpng.so (found version "1.6.43") 
-- OpenNI found (version: 1.5.4.0, include: /usr/include/ni, lib: /usr/lib/libOpenNI.so;libusb::libusb)
-- OpenNI2 found (version: 2.2.0.33, include: /usr/include/openni2, lib: /usr/lib/x86_64-linux-gnu/libOpenNI2.so;libusb::libusb)
-- Found Qhull version 8.0.2
-- OpenNI found (version: 1.5.4.0, include: /usr/include/ni, lib: /usr/lib/libOpenNI.so;libusb::libusb)
-- Found PCL_COMMON: /usr/lib/x86_64-linux-gnu/libpcl_common.so  
-- Found PCL_KDTREE: /usr/lib/x86_64-linux-gnu/libpcl_kdtree.so  
-- Found PCL_OCTREE: /usr/lib/x86_64-linux-gnu/libpcl_octree.so  
-- Found PCL_SEARCH: /usr/lib/x86_64-linux-gnu/libpcl_search.so  
-- Found PCL_SAMPLE_CONSENSUS: /usr/lib/x86_64-linux-gnu/libpcl_sample_consensus.so  
-- Found PCL_FILTERS: /usr/lib/x86_64-linux-gnu/libpcl_filters.so  
-- Found PCL_2D: /usr/include/pcl-1.14  
-- Found PCL_GEOMETRY: /usr/include/pcl-1.14  
-- Found PCL_IO: /usr/lib/x86_64-linux-gnu/libpcl_io.so  
-- Found PCL_FEATURES: /usr/lib/x86_64-linux-gnu/libpcl_features.so  
-- Found PCL_ML: /usr/lib/x86_64-linux-gnu/libpcl_ml.so  
-- Found PCL_SEGMENTATION: /usr/lib/x86_64-linux-gnu/libpcl_segmentation.so  
-- Found PCL_VISUALIZATION: /usr/lib/x86_64-linux-gnu/libpcl_visualization.so  
-- Found PCL_SURFACE: /usr/lib/x86_64-linux-gnu/libpcl_surface.so  
-- Found PCL_REGISTRATION: /usr/lib/x86_64-linux-gnu/libpcl_registration.so  
-- Found PCL_KEYPOINTS: /usr/lib/x86_64-linux-gnu/libpcl_keypoints.so  
-- Found PCL_TRACKING: /usr/lib/x86_64-linux-gnu/libpcl_tracking.so  
-- Found PCL_RECOGNITION: /usr/lib/x86_64-linux-gnu/libpcl_recognition.so  
-- Found PCL_STEREO: /usr/lib/x86_64-linux-gnu/libpcl_stereo.so  
-- Found PCL_APPS: /usr/lib/x86_64-linux-gnu/libpcl_apps.so  
-- Found PCL_IN_HAND_SCANNER: /usr/include/pcl-1.14  
-- Found PCL_MODELER: /usr/include/pcl-1.14  
-- Found PCL_POINT_CLOUD_EDITOR: /usr/include/pcl-1.14  
-- Found PCL_OUTOFCORE: /usr/lib/x86_64-linux-gnu/libpcl_outofcore.so  
-- Found PCL_PEOPLE: /usr/lib/x86_64-linux-gnu/libpcl_people.so  
-- Found Boost: /usr/lib/x86_64-linux-gnu/cmake/Boost-1.83.0/BoostConfig.cmake (found version "1.83.0") found components: thread chrono 
-- Found Threads: TRUE  
-- Found AMD headers in: /usr/include/suitesparse
-- Found AMD library: /usr/lib/x86_64-linux-gnu/libamd.so
-- Found CAMD headers in: /usr/include/suitesparse
-- Found CAMD library: /usr/lib/x86_64-linux-gnu/libcamd.so
-- Found CCOLAMD headers in: /usr/include/suitesparse
-- Found CCOLAMD library: /usr/lib/x86_64-linux-gnu/libccolamd.so
-- Found CHOLMOD headers in: /usr/include/suitesparse
-- Found CHOLMOD library: /usr/lib/x86_64-linux-gnu/libcholmod.so
-- Found COLAMD headers in: /usr/include/suitesparse
-- Found COLAMD library: /usr/lib/x86_64-linux-gnu/libcolamd.so
-- Found SPQR headers in: /usr/include/suitesparse
-- Found SPQR library: /usr/lib/x86_64-linux-gnu/libspqr.so
-- Found Config headers in: /usr/include/suitesparse
-- Found Config library: /usr/lib/x86_64-linux-gnu/libsuitesparseconfig.so
-- Found Intel Thread Building Blocks (TBB) library (2021.11 / ) include location: . Assuming SuiteSparseQR was compiled with TBB.
-- Looking for shm_open in rt
-- Looking for shm_open in rt - found
-- Adding librt to SuiteSparse_config libraries (required on Linux & Unix [not OSX] if SuiteSparse is compiled with timing).
-- Could NOT find METIS (missing: METIS_INCLUDE_DIR METIS_LIBRARY) 
-- Found SuiteSparse: /usr/include/suitesparse (found suitable version "7.6.1", minimum required is "7.6.1") found components: AMD CAMD CCOLAMD CHOLMOD COLAMD SPQR Config 
-- Found required Ceres dependency: Eigen version 3.4.0 in /usr/share/eigen3/cmake
-- Found required Ceres dependency: glog
-- Found required Ceres dependency: gflags
-- Found Ceres version: 2.2.0 installed in: /usr with components: [EigenSparse, SparseLinearAlgebraLibrary, LAPACK, SuiteSparse, SchurSpecializations]
-- Found OpenMP_C: -fopenmp (found version "4.5") 
-- Found OpenMP: TRUE (found version "4.5")  
-- Found std_srvs: 5.3.6 (/opt/ros/jazzy/share/std_srvs/cmake)
-- Found EXPAT: /usr/lib/x86_64-linux-gnu/libexpat.so (found version "2.6.1") 
-- Found double-conversion: /usr/lib/x86_64-linux-gnu/libdouble-conversion.so  
-- Found LZ4: /usr/lib/x86_64-linux-gnu/liblz4.so (found version "1.9.4") 
-- Found LZMA: /usr/lib/x86_64-linux-gnu/liblzma.so (found version "5.4.5") 
-- Found utf8cpp: /usr/include/utf8cpp  
-- Configuring done (5.6s)
-- Generating done (0.1s)
-- Build files have been written to: /home/alex/ros2_ws/build/db_tsdf
[ 50%] [32mBuilding CXX object CMakeFiles/db_tsdf_node.dir/src/db_tsdf_node.cpp.o[0m
[100%] [32m[1mLinking CXX executable db_tsdf_node[0m
[100%] Built target db_tsdf_node
-- Install configuration: ""
-- Installing: /home/alex/ros2_ws/install/db_tsdf/share/db_tsdf/launch
-- Installing: /home/alex/ros2_ws/install/db_tsdf/share/db_tsdf/launch/mapper_launch.py
-- Installing: /home/alex/ros2_ws/install/db_tsdf/share/db_tsdf/config
-- Installing: /home/alex/ros2_ws/install/db_tsdf/share/db_tsdf/config/rviz
-- Installing: /home/alex/ros2_ws/install/db_tsdf/share/db_tsdf/config/rviz/college.rviz
-- Installing: /home/alex/ros2_ws/install/db_tsdf/share/db_tsdf/config/rviz/mai.rviz
-- Installing: /home/alex/ros2_ws/install/db_tsdf/share/db_tsdf/config/mai.yaml
-- Installing: /home/alex/ros2_ws/install/db_tsdf/share/db_tsdf/config/college.yaml
-- Installing: /home/alex/ros2_ws/install/db_tsdf/lib/db_tsdf/db_tsdf_node
-- Set non-toolchain portion of runtime path of "/home/alex/ros2_ws/install/db_tsdf/lib/db_tsdf/db_tsdf_node" to ""
-- Installing: /home/alex/ros2_ws/install/db_tsdf/share/ament_index/resource_index/package_run_dependencies/db_tsdf
-- Installing: /home/alex/ros2_ws/install/db_tsdf/share/ament_index/resource_index/parent_prefix_path/db_tsdf
-- Installing: /home/alex/ros2_ws/install/db_tsdf/share/db_tsdf/environment/ament_prefix_path.sh
-- Installing: /home/alex/ros2_ws/install/db_tsdf/share/db_tsdf/environment/ament_prefix_path.dsv
-- Installing: /home/alex/ros2_ws/install/db_tsdf/share/db_tsdf/environment/path.sh
-- Installing: /home/alex/ros2_ws/install/db_tsdf/share/db_tsdf/environment/path.dsv
-- Installing: /home/alex/ros2_ws/install/db_tsdf/share/db_tsdf/local_setup.bash
-- Installing: /home/alex/ros2_ws/install/db_tsdf/share/db_tsdf/local_setup.sh
-- Installing: /home/alex/ros2_ws/install/db_tsdf/share/db_tsdf/local_setup.zsh
-- Installing: /home/alex/ros2_ws/install/db_tsdf/share/db_tsdf/local_setup.dsv
-- Installing: /home/alex/ros2_ws/install/db_tsdf/share/db_tsdf/package.dsv
-- Installing: /home/alex/ros2_ws/install/db_tsdf/share/ament_index/resource_index/packages/db_tsdf
-- Installing: /home/alex/ros2_ws/install/db_tsdf/share/db_tsdf/cmake/db_tsdfConfig.cmake
-- Installing: /home/alex/ros2_ws/install/db_tsdf/share/db_tsdf/cmake/db_tsdfConfig-version.cmake
-- Installing: /home/alex/ros2_ws/install/db_tsdf/share/db_tsdf/package.xml
