[0.127s] DEBUG:colcon:Command line arguments: ['/usr/bin/colcon', 'build']
[0.127s] DEBUG:colcon:Parsed command line arguments: Namespace(log_base=None, log_level=None, verb_name='build', build_base='build', install_base='install', merge_install=False, symlink_install=False, test_result_base=None, continue_on_error=False, executor='parallel', parallel_workers=8, event_handlers=None, ignore_user_meta=False, metas=['./colcon.meta'], base_paths=['.'], packages_ignore=None, packages_ignore_regex=None, paths=None, packages_up_to=None, packages_up_to_regex=None, packages_above=None, packages_above_and_dependencies=None, packages_above_depth=None, packages_select_by_dep=None, packages_skip_by_dep=None, packages_skip_up_to=None, packages_select_build_failed=False, packages_skip_build_finished=False, packages_select_test_failures=False, packages_skip_test_passed=False, packages_select=None, packages_skip=None, packages_select_regex=None, packages_skip_regex=None, packages_start=None, packages_end=None, allow_overriding=[], cmake_args=None, cmake_target=None, cmake_target_skip_unavailable=False, cmake_clean_cache=False, cmake_clean_first=False, cmake_force_configure=False, ament_cmake_args=None, catkin_cmake_args=None, catkin_skip_building_tests=False, mixin_files=None, mixin=None, verb_parser=<colcon_mixin.mixin.mixin_argument.MixinArgumentDecorator object at 0x79c4c59aea20>, verb_extension=<colcon_core.verb.build.BuildVerb object at 0x79c4c59ae6c0>, main=<bound method BuildVerb.main of <colcon_core.verb.build.BuildVerb object at 0x79c4c59ae6c0>>, mixin_verb=('build',))
[0.168s] Level 1:colcon.colcon_core.package_discovery:discover_packages(colcon_meta) check parameters
[0.168s] Level 1:colcon.colcon_core.package_discovery:discover_packages(recursive) check parameters
[0.168s] Level 1:colcon.colcon_core.package_discovery:discover_packages(ignore) check parameters
[0.168s] Level 1:colcon.colcon_core.package_discovery:discover_packages(path) check parameters
[0.168s] Level 1:colcon.colcon_core.package_discovery:discover_packages(colcon_meta) discover
[0.168s] Level 1:colcon.colcon_core.package_discovery:discover_packages(recursive) discover
[0.168s] INFO:colcon.colcon_core.package_discovery:Crawling recursively for packages in '/home/alex/ros2_ws'
[0.168s] Level 1:colcon.colcon_core.package_identification:_identify(.) by extensions ['ignore', 'ignore_ament_install']
[0.168s] Level 1:colcon.colcon_core.package_identification:_identify(.) by extension 'ignore'
[0.169s] Level 1:colcon.colcon_core.package_identification:_identify(.) by extension 'ignore_ament_install'
[0.169s] Level 1:colcon.colcon_core.package_identification:_identify(.) by extensions ['colcon_pkg']
[0.169s] Level 1:colcon.colcon_core.package_identification:_identify(.) by extension 'colcon_pkg'
[0.169s] Level 1:colcon.colcon_core.package_identification:_identify(.) by extensions ['colcon_meta']
[0.169s] Level 1:colcon.colcon_core.package_identification:_identify(.) by extension 'colcon_meta'
[0.169s] Level 1:colcon.colcon_core.package_identification:_identify(.) by extensions ['ros']
[0.169s] Level 1:colcon.colcon_core.package_identification:_identify(.) by extension 'ros'
[0.208s] Level 1:colcon.colcon_core.package_identification:_identify(.) by extensions ['cmake', 'python']
[0.208s] Level 1:colcon.colcon_core.package_identification:_identify(.) by extension 'cmake'
[0.208s] Level 1:colcon.colcon_core.package_identification:_identify(.) by extension 'python'
[0.208s] Level 1:colcon.colcon_core.package_identification:_identify(.) by extensions ['python_setup_py']
[0.208s] Level 1:colcon.colcon_core.package_identification:_identify(.) by extension 'python_setup_py'
[0.209s] Level 1:colcon.colcon_core.package_identification:_identify(build) by extensions ['ignore', 'ignore_ament_install']
[0.209s] Level 1:colcon.colcon_core.package_identification:_identify(build) by extension 'ignore'
[0.209s] Level 1:colcon.colcon_core.package_identification:_identify(build) ignored
[0.209s] Level 1:colcon.colcon_core.package_identification:_identify(install) by extensions ['ignore', 'ignore_ament_install']
[0.209s] Level 1:colcon.colcon_core.package_identification:_identify(install) by extension 'ignore'
[0.209s] Level 1:colcon.colcon_core.package_identification:_identify(install) ignored
[0.210s] Level 1:colcon.colcon_core.package_identification:_identify(log) by extensions ['ignore', 'ignore_ament_install']
[0.210s] Level 1:colcon.colcon_core.package_identification:_identify(log) by extension 'ignore'
[0.210s] Level 1:colcon.colcon_core.package_identification:_identify(log) ignored
[0.210s] Level 1:colcon.colcon_core.package_identification:_identify(src) by extensions ['ignore', 'ignore_ament_install']
[0.210s] Level 1:colcon.colcon_core.package_identification:_identify(src) by extension 'ignore'
[0.210s] Level 1:colcon.colcon_core.package_identification:_identify(src) by extension 'ignore_ament_install'
[0.210s] Level 1:colcon.colcon_core.package_identification:_identify(src) by extensions ['colcon_pkg']
[0.210s] Level 1:colcon.colcon_core.package_identification:_identify(src) by extension 'colcon_pkg'
[0.210s] Level 1:colcon.colcon_core.package_identification:_identify(src) by extensions ['colcon_meta']
[0.210s] Level 1:colcon.colcon_core.package_identification:_identify(src) by extension 'colcon_meta'
[0.210s] Level 1:colcon.colcon_core.package_identification:_identify(src) by extensions ['ros']
[0.210s] Level 1:colcon.colcon_core.package_identification:_identify(src) by extension 'ros'
[0.210s] Level 1:colcon.colcon_core.package_identification:_identify(src) by extensions ['cmake', 'python']
[0.210s] Level 1:colcon.colcon_core.package_identification:_identify(src) by extension 'cmake'
[0.210s] Level 1:colcon.colcon_core.package_identification:_identify(src) by extension 'python'
[0.210s] Level 1:colcon.colcon_core.package_identification:_identify(src) by extensions ['python_setup_py']
[0.210s] Level 1:colcon.colcon_core.package_identification:_identify(src) by extension 'python_setup_py'
[0.211s] Level 1:colcon.colcon_core.package_identification:_identify(src/DB-TSDF) by extensions ['ignore', 'ignore_ament_install']
[0.211s] Level 1:colcon.colcon_core.package_identification:_identify(src/DB-TSDF) by extension 'ignore'
[0.211s] Level 1:colcon.colcon_core.package_identification:_identify(src/DB-TSDF) by extension 'ignore_ament_install'
[0.211s] Level 1:colcon.colcon_core.package_identification:_identify(src/DB-TSDF) by extensions ['colcon_pkg']
[0.211s] Level 1:colcon.colcon_core.package_identification:_identify(src/DB-TSDF) by extension 'colcon_pkg'
[0.211s] Level 1:colcon.colcon_core.package_identification:_identify(src/DB-TSDF) by extensions ['colcon_meta']
[0.211s] Level 1:colcon.colcon_core.package_identification:_identify(src/DB-TSDF) by extension 'colcon_meta'
[0.211s] Level 1:colcon.colcon_core.package_identification:_identify(src/DB-TSDF) by extensions ['ros']
[0.211s] Level 1:colcon.colcon_core.package_identification:_identify(src/DB-TSDF) by extension 'ros'
[0.215s] DEBUG:colcon.colcon_core.package_identification:Package 'src/DB-TSDF' with type 'ros.ament_cmake' and name 'db_tsdf'
[0.215s] Level 1:colcon.colcon_core.package_identification:_identify(src/sgbm_depth) by extensions ['ignore', 'ignore_ament_install']
[0.215s] Level 1:colcon.colcon_core.package_identification:_identify(src/sgbm_depth) by extension 'ignore'
[0.215s] Level 1:colcon.colcon_core.package_identification:_identify(src/sgbm_depth) by extension 'ignore_ament_install'
[0.215s] Level 1:colcon.colcon_core.package_identification:_identify(src/sgbm_depth) by extensions ['colcon_pkg']
[0.215s] Level 1:colcon.colcon_core.package_identification:_identify(src/sgbm_depth) by extension 'colcon_pkg'
[0.215s] Level 1:colcon.colcon_core.package_identification:_identify(src/sgbm_depth) by extensions ['colcon_meta']
[0.215s] Level 1:colcon.colcon_core.package_identification:_identify(src/sgbm_depth) by extension 'colcon_meta'
[0.215s] Level 1:colcon.colcon_core.package_identification:_identify(src/sgbm_depth) by extensions ['ros']
[0.215s] Level 1:colcon.colcon_core.package_identification:_identify(src/sgbm_depth) by extension 'ros'
[0.216s] DEBUG:colcon.colcon_core.package_identification:Package 'src/sgbm_depth' with type 'ros.ament_python' and name 'sgbm_depth'
[0.216s] Level 1:colcon.colcon_core.package_identification:_identify(src/tsdf_saver) by extensions ['ignore', 'ignore_ament_install']
[0.216s] Level 1:colcon.colcon_core.package_identification:_identify(src/tsdf_saver) by extension 'ignore'
[0.216s] Level 1:colcon.colcon_core.package_identification:_identify(src/tsdf_saver) by extension 'ignore_ament_install'
[0.217s] Level 1:colcon.colcon_core.package_identification:_identify(src/tsdf_saver) by extensions ['colcon_pkg']
[0.217s] Level 1:colcon.colcon_core.package_identification:_identify(src/tsdf_saver) by extension 'colcon_pkg'
[0.217s] Level 1:colcon.colcon_core.package_identification:_identify(src/tsdf_saver) by extensions ['colcon_meta']
[0.217s] Level 1:colcon.colcon_core.package_identification:_identify(src/tsdf_saver) by extension 'colcon_meta'
[0.217s] Level 1:colcon.colcon_core.package_identification:_identify(src/tsdf_saver) by extensions ['ros']
[0.217s] Level 1:colcon.colcon_core.package_identification:_identify(src/tsdf_saver) by extension 'ros'
[0.218s] DEBUG:colcon.colcon_core.package_identification:Package 'src/tsdf_saver' with type 'ros.ament_cmake' and name 'tsdf_saver'
[0.218s] Level 1:colcon.colcon_core.package_discovery:discover_packages(recursive) using defaults
[0.218s] Level 1:colcon.colcon_core.package_discovery:discover_packages(ignore) discover
[0.218s] Level 1:colcon.colcon_core.package_discovery:discover_packages(ignore) using defaults
[0.218s] Level 1:colcon.colcon_core.package_discovery:discover_packages(path) discover
[0.218s] Level 1:colcon.colcon_core.package_discovery:discover_packages(path) using defaults
[0.236s] Level 1:colcon.colcon_core.package_discovery:discover_packages(prefix_path) check parameters
[0.236s] Level 1:colcon.colcon_core.package_discovery:discover_packages(prefix_path) discover
[0.238s] DEBUG:colcon.colcon_installed_package_information.package_discovery:Found 3 installed packages in /home/alex/ros2_ws/install
[0.239s] DEBUG:colcon.colcon_installed_package_information.package_discovery:Found 298 installed packages in /opt/ros/jazzy
[0.240s] Level 1:colcon.colcon_core.package_discovery:discover_packages(prefix_path) using defaults
[0.387s] Level 5:colcon.colcon_core.verb:set package 'db_tsdf' build argument 'cmake_args' from command line to 'None'
[0.387s] Level 5:colcon.colcon_core.verb:set package 'db_tsdf' build argument 'cmake_target' from command line to 'None'
[0.387s] Level 5:colcon.colcon_core.verb:set package 'db_tsdf' build argument 'cmake_target_skip_unavailable' from command line to 'False'
[0.387s] Level 5:colcon.colcon_core.verb:set package 'db_tsdf' build argument 'cmake_clean_cache' from command line to 'False'
[0.387s] Level 5:colcon.colcon_core.verb:set package 'db_tsdf' build argument 'cmake_clean_first' from command line to 'False'
[0.387s] Level 5:colcon.colcon_core.verb:set package 'db_tsdf' build argument 'cmake_force_configure' from command line to 'False'
[0.387s] Level 5:colcon.colcon_core.verb:set package 'db_tsdf' build argument 'ament_cmake_args' from command line to 'None'
[0.387s] Level 5:colcon.colcon_core.verb:set package 'db_tsdf' build argument 'catkin_cmake_args' from command line to 'None'
[0.387s] Level 5:colcon.colcon_core.verb:set package 'db_tsdf' build argument 'catkin_skip_building_tests' from command line to 'False'
[0.387s] DEBUG:colcon.colcon_core.verb:Building package 'db_tsdf' with the following arguments: {'ament_cmake_args': None, 'build_base': '/home/alex/ros2_ws/build/db_tsdf', 'catkin_cmake_args': None, 'catkin_skip_building_tests': False, 'cmake_args': None, 'cmake_clean_cache': False, 'cmake_clean_first': False, 'cmake_force_configure': False, 'cmake_target': None, 'cmake_target_skip_unavailable': False, 'install_base': '/home/alex/ros2_ws/install/db_tsdf', 'merge_install': False, 'path': '/home/alex/ros2_ws/src/DB-TSDF', 'symlink_install': False, 'test_result_base': None}
[0.388s] Level 5:colcon.colcon_core.verb:set package 'sgbm_depth' build argument 'cmake_args' from command line to 'None'
[0.388s] Level 5:colcon.colcon_core.verb:set package 'sgbm_depth' build argument 'cmake_target' from command line to 'None'
[0.388s] Level 5:colcon.colcon_core.verb:set package 'sgbm_depth' build argument 'cmake_target_skip_unavailable' from command line to 'False'
[0.388s] Level 5:colcon.colcon_core.verb:set package 'sgbm_depth' build argument 'cmake_clean_cache' from command line to 'False'
[0.388s] Level 5:colcon.colcon_core.verb:set package 'sgbm_depth' build argument 'cmake_clean_first' from command line to 'False'
[0.388s] Level 5:colcon.colcon_core.verb:set package 'sgbm_depth' build argument 'cmake_force_configure' from command line to 'False'
[0.388s] Level 5:colcon.colcon_core.verb:set package 'sgbm_depth' build argument 'ament_cmake_args' from command line to 'None'
[0.388s] Level 5:colcon.colcon_core.verb:set package 'sgbm_depth' build argument 'catkin_cmake_args' from command line to 'None'
[0.388s] Level 5:colcon.colcon_core.verb:set package 'sgbm_depth' build argument 'catkin_skip_building_tests' from command line to 'False'
[0.388s] DEBUG:colcon.colcon_core.verb:Building package 'sgbm_depth' with the following arguments: {'ament_cmake_args': None, 'build_base': '/home/alex/ros2_ws/build/sgbm_depth', 'catkin_cmake_args': None, 'catkin_skip_building_tests': False, 'cmake_args': None, 'cmake_clean_cache': False, 'cmake_clean_first': False, 'cmake_force_configure': False, 'cmake_target': None, 'cmake_target_skip_unavailable': False, 'install_base': '/home/alex/ros2_ws/install/sgbm_depth', 'merge_install': False, 'path': '/home/alex/ros2_ws/src/sgbm_depth', 'symlink_install': False, 'test_result_base': None}
[0.388s] Level 5:colcon.colcon_core.verb:set package 'tsdf_saver' build argument 'cmake_args' from command line to 'None'
[0.388s] Level 5:colcon.colcon_core.verb:set package 'tsdf_saver' build argument 'cmake_target' from command line to 'None'
[0.388s] Level 5:colcon.colcon_core.verb:set package 'tsdf_saver' build argument 'cmake_target_skip_unavailable' from command line to 'False'
[0.388s] Level 5:colcon.colcon_core.verb:set package 'tsdf_saver' build argument 'cmake_clean_cache' from command line to 'False'
[0.388s] Level 5:colcon.colcon_core.verb:set package 'tsdf_saver' build argument 'cmake_clean_first' from command line to 'False'
[0.388s] Level 5:colcon.colcon_core.verb:set package 'tsdf_saver' build argument 'cmake_force_configure' from command line to 'False'
[0.388s] Level 5:colcon.colcon_core.verb:set package 'tsdf_saver' build argument 'ament_cmake_args' from command line to 'None'
[0.388s] Level 5:colcon.colcon_core.verb:set package 'tsdf_saver' build argument 'catkin_cmake_args' from command line to 'None'
[0.388s] Level 5:colcon.colcon_core.verb:set package 'tsdf_saver' build argument 'catkin_skip_building_tests' from command line to 'False'
[0.388s] DEBUG:colcon.colcon_core.verb:Building package 'tsdf_saver' with the following arguments: {'ament_cmake_args': None, 'build_base': '/home/alex/ros2_ws/build/tsdf_saver', 'catkin_cmake_args': None, 'catkin_skip_building_tests': False, 'cmake_args': None, 'cmake_clean_cache': False, 'cmake_clean_first': False, 'cmake_force_configure': False, 'cmake_target': None, 'cmake_target_skip_unavailable': False, 'install_base': '/home/alex/ros2_ws/install/tsdf_saver', 'merge_install': False, 'path': '/home/alex/ros2_ws/src/tsdf_saver', 'symlink_install': False, 'test_result_base': None}
[0.388s] INFO:colcon.colcon_core.executor:Executing jobs using 'parallel' executor
[0.389s] DEBUG:colcon.colcon_parallel_executor.executor.parallel:run_until_complete
[0.389s] INFO:colcon.colcon_ros.task.ament_cmake.build:Building ROS package in '/home/alex/ros2_ws/src/DB-TSDF' with build type 'ament_cmake'
[0.389s] INFO:colcon.colcon_cmake.task.cmake.build:Building CMake package in '/home/alex/ros2_ws/src/DB-TSDF'
[0.392s] INFO:colcon.colcon_core.plugin_system:Skipping extension 'colcon_core.shell.bat': Not used on non-Windows systems
[0.392s] INFO:colcon.colcon_core.shell:Skip shell extension 'powershell' for command environment: Not usable outside of PowerShell
[0.392s] DEBUG:colcon.colcon_core.shell:Skip shell extension 'dsv' for command environment
[0.397s] INFO:colcon.colcon_ros.task.ament_python.build:Building ROS package in '/home/alex/ros2_ws/src/sgbm_depth' with build type 'ament_python'
[0.397s] Level 1:colcon.colcon_core.shell:create_environment_hook('sgbm_depth', 'ament_prefix_path')
[0.397s] INFO:colcon.colcon_core.shell:Creating environment hook '/home/alex/ros2_ws/install/sgbm_depth/share/sgbm_depth/hook/ament_prefix_path.ps1'
[0.398s] INFO:colcon.colcon_core.shell:Creating environment descriptor '/home/alex/ros2_ws/install/sgbm_depth/share/sgbm_depth/hook/ament_prefix_path.dsv'
[0.399s] INFO:colcon.colcon_core.shell:Creating environment hook '/home/alex/ros2_ws/install/sgbm_depth/share/sgbm_depth/hook/ament_prefix_path.sh'
[0.399s] INFO:colcon.colcon_core.shell:Skip shell extension 'powershell' for command environment: Not usable outside of PowerShell
[0.399s] DEBUG:colcon.colcon_core.shell:Skip shell extension 'dsv' for command environment
[0.402s] INFO:colcon.colcon_ros.task.ament_cmake.build:Building ROS package in '/home/alex/ros2_ws/src/tsdf_saver' with build type 'ament_cmake'
[0.402s] INFO:colcon.colcon_cmake.task.cmake.build:Building CMake package in '/home/alex/ros2_ws/src/tsdf_saver'
[0.403s] INFO:colcon.colcon_core.shell:Skip shell extension 'powershell' for command environment: Not usable outside of PowerShell
[0.403s] DEBUG:colcon.colcon_core.shell:Skip shell extension 'dsv' for command environment
[0.411s] DEBUG:colcon.colcon_core.event_handler.log_command:Invoking command in '/home/alex/ros2_ws/build/db_tsdf': CMAKE_PREFIX_PATH=${CMAKE_PREFIX_PATH}:/home/alex/ros2_ws/install/sgbm_depth:/opt/ros/jazzy /usr/bin/cmake --build /home/alex/ros2_ws/build/db_tsdf -- -j8 -l8
[0.633s] INFO:colcon.colcon_core.task.python.build:Building Python package in '/home/alex/ros2_ws/src/sgbm_depth'
[0.633s] INFO:colcon.colcon_core.shell:Skip shell extension 'powershell' for command environment: Not usable outside of PowerShell
[0.633s] DEBUG:colcon.colcon_core.shell:Skip shell extension 'dsv' for command environment
[0.641s] DEBUG:colcon.colcon_core.event_handler.log_command:Invoking command in '/home/alex/ros2_ws/build/tsdf_saver': CMAKE_PREFIX_PATH=${CMAKE_PREFIX_PATH}:/home/alex/ros2_ws/install/sgbm_depth:/opt/ros/jazzy /usr/bin/cmake --build /home/alex/ros2_ws/build/tsdf_saver -- -j8 -l8
[0.642s] DEBUG:colcon.colcon_core.event_handler.log_command:Invoked command in '/home/alex/ros2_ws/build/db_tsdf' returned '0': CMAKE_PREFIX_PATH=${CMAKE_PREFIX_PATH}:/home/alex/ros2_ws/install/sgbm_depth:/opt/ros/jazzy /usr/bin/cmake --build /home/alex/ros2_ws/build/db_tsdf -- -j8 -l8
[0.651s] DEBUG:colcon.colcon_core.event_handler.log_command:Invoking command in '/home/alex/ros2_ws/build/db_tsdf': CMAKE_PREFIX_PATH=${CMAKE_PREFIX_PATH}:/home/alex/ros2_ws/install/sgbm_depth:/opt/ros/jazzy /usr/bin/cmake --install /home/alex/ros2_ws/build/db_tsdf
[0.662s] Level 1:colcon.colcon_core.environment:create_environment_scripts_only(db_tsdf)
[0.662s] DEBUG:colcon.colcon_core.event_handler.log_command:Invoked command in '/home/alex/ros2_ws/build/db_tsdf' returned '0': CMAKE_PREFIX_PATH=${CMAKE_PREFIX_PATH}:/home/alex/ros2_ws/install/sgbm_depth:/opt/ros/jazzy /usr/bin/cmake --install /home/alex/ros2_ws/build/db_tsdf
[0.664s] Level 1:colcon.colcon_core.environment:checking '/home/alex/ros2_ws/install/db_tsdf' for CMake module files
[0.665s] Level 1:colcon.colcon_core.environment:checking '/home/alex/ros2_ws/install/db_tsdf' for CMake config files
[0.666s] Level 1:colcon.colcon_core.shell:create_environment_hook('db_tsdf', 'cmake_prefix_path')
[0.666s] INFO:colcon.colcon_core.shell:Creating environment hook '/home/alex/ros2_ws/install/db_tsdf/share/db_tsdf/hook/cmake_prefix_path.ps1'
[0.666s] INFO:colcon.colcon_core.shell:Creating environment descriptor '/home/alex/ros2_ws/install/db_tsdf/share/db_tsdf/hook/cmake_prefix_path.dsv'
[0.667s] INFO:colcon.colcon_core.shell:Creating environment hook '/home/alex/ros2_ws/install/db_tsdf/share/db_tsdf/hook/cmake_prefix_path.sh'
[0.667s] Level 1:colcon.colcon_core.environment:checking '/home/alex/ros2_ws/install/db_tsdf/lib'
[0.667s] Level 1:colcon.colcon_core.environment:checking '/home/alex/ros2_ws/install/db_tsdf/bin'
[0.667s] Level 1:colcon.colcon_core.environment:checking '/home/alex/ros2_ws/install/db_tsdf/lib/pkgconfig/db_tsdf.pc'
[0.668s] Level 1:colcon.colcon_core.environment:checking '/home/alex/ros2_ws/install/db_tsdf/lib/python3.12/site-packages'
[0.668s] Level 1:colcon.colcon_core.environment:checking '/home/alex/ros2_ws/install/db_tsdf/bin'
[0.668s] INFO:colcon.colcon_core.shell:Creating package script '/home/alex/ros2_ws/install/db_tsdf/share/db_tsdf/package.ps1'
[0.669s] INFO:colcon.colcon_core.shell:Creating package descriptor '/home/alex/ros2_ws/install/db_tsdf/share/db_tsdf/package.dsv'
[0.670s] INFO:colcon.colcon_core.shell:Creating package script '/home/alex/ros2_ws/install/db_tsdf/share/db_tsdf/package.sh'
[0.671s] INFO:colcon.colcon_core.shell:Creating package script '/home/alex/ros2_ws/install/db_tsdf/share/db_tsdf/package.bash'
[0.671s] INFO:colcon.colcon_core.shell:Creating package script '/home/alex/ros2_ws/install/db_tsdf/share/db_tsdf/package.zsh'
[0.672s] Level 1:colcon.colcon_core.environment:create_file_with_runtime_dependencies(/home/alex/ros2_ws/install/db_tsdf/share/colcon-core/packages/db_tsdf)
[0.673s] Level 1:colcon.colcon_core.environment:create_environment_scripts_only(db_tsdf)
[0.673s] Level 1:colcon.colcon_core.environment:checking '/home/alex/ros2_ws/install/db_tsdf' for CMake module files
[0.673s] Level 1:colcon.colcon_core.environment:checking '/home/alex/ros2_ws/install/db_tsdf' for CMake config files
[0.674s] Level 1:colcon.colcon_core.shell:create_environment_hook('db_tsdf', 'cmake_prefix_path')
[0.674s] INFO:colcon.colcon_core.shell:Creating environment hook '/home/alex/ros2_ws/install/db_tsdf/share/db_tsdf/hook/cmake_prefix_path.ps1'
[0.674s] INFO:colcon.colcon_core.shell:Creating environment descriptor '/home/alex/ros2_ws/install/db_tsdf/share/db_tsdf/hook/cmake_prefix_path.dsv'
[0.675s] INFO:colcon.colcon_core.shell:Creating environment hook '/home/alex/ros2_ws/install/db_tsdf/share/db_tsdf/hook/cmake_prefix_path.sh'
[0.675s] Level 1:colcon.colcon_core.environment:checking '/home/alex/ros2_ws/install/db_tsdf/lib'
[0.675s] Level 1:colcon.colcon_core.environment:checking '/home/alex/ros2_ws/install/db_tsdf/bin'
[0.675s] Level 1:colcon.colcon_core.environment:checking '/home/alex/ros2_ws/install/db_tsdf/lib/pkgconfig/db_tsdf.pc'
[0.676s] Level 1:colcon.colcon_core.environment:checking '/home/alex/ros2_ws/install/db_tsdf/lib/python3.12/site-packages'
[0.676s] Level 1:colcon.colcon_core.environment:checking '/home/alex/ros2_ws/install/db_tsdf/bin'
[0.676s] INFO:colcon.colcon_core.shell:Creating package script '/home/alex/ros2_ws/install/db_tsdf/share/db_tsdf/package.ps1'
[0.677s] INFO:colcon.colcon_core.shell:Creating package descriptor '/home/alex/ros2_ws/install/db_tsdf/share/db_tsdf/package.dsv'
[0.677s] INFO:colcon.colcon_core.shell:Creating package script '/home/alex/ros2_ws/install/db_tsdf/share/db_tsdf/package.sh'
[0.677s] INFO:colcon.colcon_core.shell:Creating package script '/home/alex/ros2_ws/install/db_tsdf/share/db_tsdf/package.bash'
[0.678s] INFO:colcon.colcon_core.shell:Creating package script '/home/alex/ros2_ws/install/db_tsdf/share/db_tsdf/package.zsh'
[0.678s] Level 1:colcon.colcon_core.environment:create_file_with_runtime_dependencies(/home/alex/ros2_ws/install/db_tsdf/share/colcon-core/packages/db_tsdf)
[0.713s] DEBUG:colcon.colcon_core.event_handler.log_command:Invoked command in '/home/alex/ros2_ws/build/tsdf_saver' returned '0': CMAKE_PREFIX_PATH=${CMAKE_PREFIX_PATH}:/home/alex/ros2_ws/install/sgbm_depth:/opt/ros/jazzy /usr/bin/cmake --build /home/alex/ros2_ws/build/tsdf_saver -- -j8 -l8
[0.714s] DEBUG:colcon.colcon_core.event_handler.log_command:Invoking command in '/home/alex/ros2_ws/build/tsdf_saver': CMAKE_PREFIX_PATH=${CMAKE_PREFIX_PATH}:/home/alex/ros2_ws/install/sgbm_depth:/opt/ros/jazzy /usr/bin/cmake --install /home/alex/ros2_ws/build/tsdf_saver
[0.738s] Level 1:colcon.colcon_core.environment:create_environment_scripts_only(tsdf_saver)
[0.738s] DEBUG:colcon.colcon_core.event_handler.log_command:Invoked command in '/home/alex/ros2_ws/build/tsdf_saver' returned '0': CMAKE_PREFIX_PATH=${CMAKE_PREFIX_PATH}:/home/alex/ros2_ws/install/sgbm_depth:/opt/ros/jazzy /usr/bin/cmake --install /home/alex/ros2_ws/build/tsdf_saver
[0.739s] Level 1:colcon.colcon_core.environment:checking '/home/alex/ros2_ws/install/tsdf_saver' for CMake module files
[0.739s] Level 1:colcon.colcon_core.environment:checking '/home/alex/ros2_ws/install/tsdf_saver' for CMake config files
[0.740s] Level 1:colcon.colcon_core.shell:create_environment_hook('tsdf_saver', 'cmake_prefix_path')
[0.740s] INFO:colcon.colcon_core.shell:Creating environment hook '/home/alex/ros2_ws/install/tsdf_saver/share/tsdf_saver/hook/cmake_prefix_path.ps1'
[0.741s] INFO:colcon.colcon_core.shell:Creating environment descriptor '/home/alex/ros2_ws/install/tsdf_saver/share/tsdf_saver/hook/cmake_prefix_path.dsv'
[0.741s] INFO:colcon.colcon_core.shell:Creating environment hook '/home/alex/ros2_ws/install/tsdf_saver/share/tsdf_saver/hook/cmake_prefix_path.sh'
[0.742s] Level 1:colcon.colcon_core.environment:checking '/home/alex/ros2_ws/install/tsdf_saver/lib'
[0.742s] Level 1:colcon.colcon_core.shell:create_environment_hook('tsdf_saver', 'ld_library_path_lib')
[0.742s] INFO:colcon.colcon_core.shell:Creating environment hook '/home/alex/ros2_ws/install/tsdf_saver/share/tsdf_saver/hook/ld_library_path_lib.ps1'
[0.742s] INFO:colcon.colcon_core.shell:Creating environment descriptor '/home/alex/ros2_ws/install/tsdf_saver/share/tsdf_saver/hook/ld_library_path_lib.dsv'
[0.743s] INFO:colcon.colcon_core.shell:Creating environment hook '/home/alex/ros2_ws/install/tsdf_saver/share/tsdf_saver/hook/ld_library_path_lib.sh'
[0.743s] Level 1:colcon.colcon_core.environment:checking '/home/alex/ros2_ws/install/tsdf_saver/bin'
[0.743s] Level 1:colcon.colcon_core.environment:checking '/home/alex/ros2_ws/install/tsdf_saver/lib/pkgconfig/tsdf_saver.pc'
[0.743s] Level 1:colcon.colcon_core.environment:checking '/home/alex/ros2_ws/install/tsdf_saver/lib/python3.12/site-packages'
[0.744s] Level 1:colcon.colcon_core.environment:checking '/home/alex/ros2_ws/install/tsdf_saver/bin'
[0.744s] INFO:colcon.colcon_core.shell:Creating package script '/home/alex/ros2_ws/install/tsdf_saver/share/tsdf_saver/package.ps1'
[0.744s] INFO:colcon.colcon_core.shell:Creating package descriptor '/home/alex/ros2_ws/install/tsdf_saver/share/tsdf_saver/package.dsv'
[0.745s] INFO:colcon.colcon_core.shell:Creating package script '/home/alex/ros2_ws/install/tsdf_saver/share/tsdf_saver/package.sh'
[0.745s] INFO:colcon.colcon_core.shell:Creating package script '/home/alex/ros2_ws/install/tsdf_saver/share/tsdf_saver/package.bash'
[0.746s] INFO:colcon.colcon_core.shell:Creating package script '/home/alex/ros2_ws/install/tsdf_saver/share/tsdf_saver/package.zsh'
[0.746s] Level 1:colcon.colcon_core.environment:create_file_with_runtime_dependencies(/home/alex/ros2_ws/install/tsdf_saver/share/colcon-core/packages/tsdf_saver)
[0.747s] Level 1:colcon.colcon_core.environment:create_environment_scripts_only(tsdf_saver)
[0.747s] Level 1:colcon.colcon_core.environment:checking '/home/alex/ros2_ws/install/tsdf_saver' for CMake module files
[0.747s] Level 1:colcon.colcon_core.environment:checking '/home/alex/ros2_ws/install/tsdf_saver' for CMake config files
[0.748s] Level 1:colcon.colcon_core.shell:create_environment_hook('tsdf_saver', 'cmake_prefix_path')
[0.748s] INFO:colcon.colcon_core.shell:Creating environment hook '/home/alex/ros2_ws/install/tsdf_saver/share/tsdf_saver/hook/cmake_prefix_path.ps1'
[0.748s] INFO:colcon.colcon_core.shell:Creating environment descriptor '/home/alex/ros2_ws/install/tsdf_saver/share/tsdf_saver/hook/cmake_prefix_path.dsv'
[0.749s] INFO:colcon.colcon_core.shell:Creating environment hook '/home/alex/ros2_ws/install/tsdf_saver/share/tsdf_saver/hook/cmake_prefix_path.sh'
[0.749s] Level 1:colcon.colcon_core.environment:checking '/home/alex/ros2_ws/install/tsdf_saver/lib'
[0.749s] Level 1:colcon.colcon_core.shell:create_environment_hook('tsdf_saver', 'ld_library_path_lib')
[0.749s] INFO:colcon.colcon_core.shell:Creating environment hook '/home/alex/ros2_ws/install/tsdf_saver/share/tsdf_saver/hook/ld_library_path_lib.ps1'
[0.750s] INFO:colcon.colcon_core.shell:Creating environment descriptor '/home/alex/ros2_ws/install/tsdf_saver/share/tsdf_saver/hook/ld_library_path_lib.dsv'
[0.750s] INFO:colcon.colcon_core.shell:Creating environment hook '/home/alex/ros2_ws/install/tsdf_saver/share/tsdf_saver/hook/ld_library_path_lib.sh'
[0.750s] Level 1:colcon.colcon_core.environment:checking '/home/alex/ros2_ws/install/tsdf_saver/bin'
[0.751s] Level 1:colcon.colcon_core.environment:checking '/home/alex/ros2_ws/install/tsdf_saver/lib/pkgconfig/tsdf_saver.pc'
[0.751s] Level 1:colcon.colcon_core.environment:checking '/home/alex/ros2_ws/install/tsdf_saver/lib/python3.12/site-packages'
[0.751s] Level 1:colcon.colcon_core.environment:checking '/home/alex/ros2_ws/install/tsdf_saver/bin'
[0.751s] INFO:colcon.colcon_core.shell:Creating package script '/home/alex/ros2_ws/install/tsdf_saver/share/tsdf_saver/package.ps1'
[0.752s] INFO:colcon.colcon_core.shell:Creating package descriptor '/home/alex/ros2_ws/install/tsdf_saver/share/tsdf_saver/package.dsv'
[0.753s] INFO:colcon.colcon_core.shell:Creating package script '/home/alex/ros2_ws/install/tsdf_saver/share/tsdf_saver/package.sh'
[0.753s] INFO:colcon.colcon_core.shell:Creating package script '/home/alex/ros2_ws/install/tsdf_saver/share/tsdf_saver/package.bash'
[0.753s] INFO:colcon.colcon_core.shell:Creating package script '/home/alex/ros2_ws/install/tsdf_saver/share/tsdf_saver/package.zsh'
[0.754s] Level 1:colcon.colcon_core.environment:create_file_with_runtime_dependencies(/home/alex/ros2_ws/install/tsdf_saver/share/colcon-core/packages/tsdf_saver)
[1.247s] DEBUG:colcon.colcon_core.event_handler.log_command:Invoking command in '/home/alex/ros2_ws/src/sgbm_depth': PYTHONPATH=/home/alex/ros2_ws/build/sgbm_depth/prefix_override:/usr/lib/python3/dist-packages/colcon_core/task/python/colcon_distutils_commands:/home/alex/ros2_ws/install/sgbm_depth/lib/python3.12/site-packages:${PYTHONPATH} /usr/bin/python3 -W ignore:setup.py install is deprecated -W ignore:easy_install command is deprecated setup.py egg_info --egg-base ../../build/sgbm_depth build --build-base /home/alex/ros2_ws/build/sgbm_depth/build install --record /home/alex/ros2_ws/build/sgbm_depth/install.log --single-version-externally-managed install_data
[1.784s] Level 1:colcon.colcon_core.environment:checking '/home/alex/ros2_ws/install/sgbm_depth' for CMake module files
[1.784s] DEBUG:colcon.colcon_core.event_handler.log_command:Invoked command in '/home/alex/ros2_ws/src/sgbm_depth' returned '0': PYTHONPATH=/home/alex/ros2_ws/build/sgbm_depth/prefix_override:/usr/lib/python3/dist-packages/colcon_core/task/python/colcon_distutils_commands:/home/alex/ros2_ws/install/sgbm_depth/lib/python3.12/site-packages:${PYTHONPATH} /usr/bin/python3 -W ignore:setup.py install is deprecated -W ignore:easy_install command is deprecated setup.py egg_info --egg-base ../../build/sgbm_depth build --build-base /home/alex/ros2_ws/build/sgbm_depth/build install --record /home/alex/ros2_ws/build/sgbm_depth/install.log --single-version-externally-managed install_data
[1.785s] Level 1:colcon.colcon_core.environment:checking '/home/alex/ros2_ws/install/sgbm_depth' for CMake config files
[1.785s] Level 1:colcon.colcon_core.environment:checking '/home/alex/ros2_ws/install/sgbm_depth/lib'
[1.785s] Level 1:colcon.colcon_core.environment:checking '/home/alex/ros2_ws/install/sgbm_depth/bin'
[1.785s] Level 1:colcon.colcon_core.environment:checking '/home/alex/ros2_ws/install/sgbm_depth/lib/pkgconfig/sgbm_depth.pc'
[1.786s] Level 1:colcon.colcon_core.environment:checking '/home/alex/ros2_ws/install/sgbm_depth/lib/python3.12/site-packages'
[1.786s] Level 1:colcon.colcon_core.shell:create_environment_hook('sgbm_depth', 'pythonpath')
[1.786s] INFO:colcon.colcon_core.shell:Creating environment hook '/home/alex/ros2_ws/install/sgbm_depth/share/sgbm_depth/hook/pythonpath.ps1'
[1.787s] INFO:colcon.colcon_core.shell:Creating environment descriptor '/home/alex/ros2_ws/install/sgbm_depth/share/sgbm_depth/hook/pythonpath.dsv'
[1.787s] INFO:colcon.colcon_core.shell:Creating environment hook '/home/alex/ros2_ws/install/sgbm_depth/share/sgbm_depth/hook/pythonpath.sh'
[1.788s] Level 1:colcon.colcon_core.environment:checking '/home/alex/ros2_ws/install/sgbm_depth/bin'
[1.788s] Level 1:colcon.colcon_core.environment:create_environment_scripts_only(sgbm_depth)
[1.788s] INFO:colcon.colcon_core.shell:Creating package script '/home/alex/ros2_ws/install/sgbm_depth/share/sgbm_depth/package.ps1'
[1.789s] INFO:colcon.colcon_core.shell:Creating package descriptor '/home/alex/ros2_ws/install/sgbm_depth/share/sgbm_depth/package.dsv'
[1.790s] INFO:colcon.colcon_core.shell:Creating package script '/home/alex/ros2_ws/install/sgbm_depth/share/sgbm_depth/package.sh'
[1.790s] INFO:colcon.colcon_core.shell:Creating package script '/home/alex/ros2_ws/install/sgbm_depth/share/sgbm_depth/package.bash'
[1.790s] INFO:colcon.colcon_core.shell:Creating package script '/home/alex/ros2_ws/install/sgbm_depth/share/sgbm_depth/package.zsh'
[1.791s] Level 1:colcon.colcon_core.environment:create_file_with_runtime_dependencies(/home/alex/ros2_ws/install/sgbm_depth/share/colcon-core/packages/sgbm_depth)
[1.791s] DEBUG:colcon.colcon_parallel_executor.executor.parallel:closing loop
[1.792s] DEBUG:colcon.colcon_parallel_executor.executor.parallel:loop closed
[1.792s] DEBUG:colcon.colcon_parallel_executor.executor.parallel:run_until_complete finished with '0'
[1.792s] DEBUG:colcon.colcon_core.event_reactor:joining thread
[1.802s] INFO:colcon.colcon_core.plugin_system:Skipping extension 'colcon_notification.desktop_notification.notify_send': Could not find 'notify-send'
[1.802s] INFO:colcon.colcon_core.plugin_system:Skipping extension 'colcon_notification.desktop_notification.terminal_notifier': Not used on non-Darwin systems
[1.802s] INFO:colcon.colcon_core.plugin_system:Skipping extension 'colcon_notification.desktop_notification.win32': Not used on non-Windows systems
[1.802s] INFO:colcon.colcon_notification.desktop_notification:Sending desktop notification using 'notify2'
[1.805s] DEBUG:colcon.colcon_notification.desktop_notification.notify2:Failed to initialize notify2: org.freedesktop.DBus.Error.Spawn.ExecFailed: /usr/bin/dbus-launch terminated abnormally without any error message
[1.805s] DEBUG:colcon.colcon_core.event_reactor:joined thread
[1.806s] INFO:colcon.colcon_core.shell:Creating prefix script '/home/alex/ros2_ws/install/local_setup.ps1'
[1.807s] INFO:colcon.colcon_core.shell:Creating prefix util module '/home/alex/ros2_ws/install/_local_setup_util_ps1.py'
[1.809s] INFO:colcon.colcon_core.shell:Creating prefix chain script '/home/alex/ros2_ws/install/setup.ps1'
[1.810s] INFO:colcon.colcon_core.shell:Creating prefix script '/home/alex/ros2_ws/install/local_setup.sh'
[1.811s] INFO:colcon.colcon_core.shell:Creating prefix util module '/home/alex/ros2_ws/install/_local_setup_util_sh.py'
[1.811s] INFO:colcon.colcon_core.shell:Creating prefix chain script '/home/alex/ros2_ws/install/setup.sh'
[1.813s] INFO:colcon.colcon_core.shell:Creating prefix script '/home/alex/ros2_ws/install/local_setup.bash'
[1.813s] INFO:colcon.colcon_core.shell:Creating prefix chain script '/home/alex/ros2_ws/install/setup.bash'
[1.814s] INFO:colcon.colcon_core.shell:Creating prefix script '/home/alex/ros2_ws/install/local_setup.zsh'
[1.815s] INFO:colcon.colcon_core.shell:Creating prefix chain script '/home/alex/ros2_ws/install/setup.zsh'
